irun(64): 15.20-s016: (c) Copyright 1995-2016 Cadence Design Systems, Inc.
TOOL:	irun(64)	15.20-s016: Started on Nov 19, 2020 at 00:05:21 EST
irun
	+nc64bit
	+incdir+/opt/cadence/STRATUS172/tools.lnx86/stratus/lib
	+incdir+bdw_work/wrappers
	+access+rw
	+loadpli1=/opt/cadence/STRATUS172/tools.lnx86/stratus/lib/64bit/ncvlog_ssl:ssl_bootstrap
	-f bdw_work/sims/II1_V/siminfo
		bdw_work/sims/top_II1_V.v
		bdw_work/wrappers/dut_cosim.v
		bdw_work/modules/dut/II1/dut_rtl.v
		bdw_work/modules/dut/II1/v_rtl/dut_Div_64Ux2U_32U_4.v
	+ncinput+bdw_work/sims/II1_V/ncverilog.do
	+nclibdirname+bdw_work/sims/II1_V
	+libext+.v
	+define+ioConfig
	+define+BDW_RTL_dut_II1
	+nowarn+LIBNOU
	+hubSetOption+libdef=bdw_work/sims/II1_V/sim_II1_V.so
	+hubSetOption+bdr=bdw_work/sims/II1_V/sim.bdr
	-l bdw_work/sims/II1_V/bdw_sim_verilog.log

   User defined plus("+") options:
	+hubSetOption+libdef=bdw_work/sims/II1_V/sim_II1_V.so
	+hubSetOption+bdr=bdw_work/sims/II1_V/sim.bdr

Recompiling... reason: file './bdw_work/modules/dut/II1/dut_rtl.v' is newer than expected.
	expected: Wed Nov 18 17:52:20 2020
	actual:   Thu Nov 19 00:05:12 2020
file: bdw_work/modules/dut/II1/dut_rtl.v
	module worklib.dut:v
		errors: 0, warnings: 0
file: bdw_work/modules/dut/II1/v_rtl/dut_Div_64Ux2U_32U_4.v
ncvlog: *W,SPDUSD: Include directory bdw_work/wrappers given but not used.
	Total errors/warnings found outside modules and primitives:
		errors: 0, warnings: 1
*** Registering Hub PLI1.0 Interface***
		Caching library 'worklib' ....... Done
	Elaborating the design hierarchy:
	Top level design units:
		top
	Building instance overlay tables: .................... Done
	Generating native compiled code:
		worklib.dut:v <0x5e620b20>
			streams: 112, words: 32109
		worklib.top:v <0x1174d3ba>
			streams: 121, words: 100998
	Building instance specific data structures.
	Loading native compiled code:     .................... Done
	Design hierarchy summary:
		                 Instances  Unique
		Modules:                 4       4
		Registers:             221     221
		Scalar wires:          726       -
		Vectored wires:         30       -
		Always blocks:          99      99
		Initial blocks:          7       7
		Cont. assignments:     131     742
		Pseudo assignments:     13      13
		Simulation timescale:  1ps
	Writing initial simulation snapshot: worklib.top:v
Loading snapshot worklib.top:v .................... Done
*** Registering Hub PLI1.0 Interface***
ncsim> source /opt/cadence/INCISIVE152/tools/inca/files/ncsimrc
ncsim> 
ncsim> run
NOTE: Cadence Design Systems Hub Simulation Platform : version 17.20-p100
Simulation stopped via $stop(1) at time 250100 PS + 0
./bdw_work/sims/top_II1_V.v:70 		#100 $stop;
ncsim> quit
TOOL:	irun(64)	15.20-s016: Exiting on Nov 19, 2020 at 00:05:23 EST  (total: 00:00:02)
