irun(64): 15.20-s016: (c) Copyright 1995-2016 Cadence Design Systems, Inc.
TOOL:	irun(64)	15.20-s016: Started on Nov 18, 2020 at 17:51:53 EST
irun
	+nc64bit
	+incdir+/opt/cadence/STRATUS172/tools.lnx86/stratus/lib
	+incdir+bdw_work/wrappers
	+access+rw
	+loadpli1=/opt/cadence/STRATUS172/tools.lnx86/stratus/lib/64bit/ncvlog_ssl:ssl_bootstrap
	-f bdw_work/sims/BASIC_V/siminfo
		bdw_work/sims/top_BASIC_V.v
		bdw_work/wrappers/dut_cosim.v
		bdw_work/modules/dut/BASIC/dut_rtl.v
		bdw_work/modules/dut/BASIC/v_rtl/dut_Div_64Ux2U_32U_4.v
	+ncinput+bdw_work/sims/BASIC_V/ncverilog.do
	+nclibdirname+bdw_work/sims/BASIC_V
	+libext+.v
	+define+ioConfig
	+define+BDW_RTL_dut_BASIC
	+nowarn+LIBNOU
	+hubSetOption+libdef=bdw_work/sims/BASIC_V/sim_BASIC_V.so
	+hubSetOption+bdr=bdw_work/sims/BASIC_V/sim.bdr
	-l bdw_work/sims/BASIC_V/bdw_sim_verilog.log

   User defined plus("+") options:
	+hubSetOption+libdef=bdw_work/sims/BASIC_V/sim_BASIC_V.so
	+hubSetOption+bdr=bdw_work/sims/BASIC_V/sim.bdr

file: bdw_work/sims/top_BASIC_V.v
	module worklib.top:v
		errors: 0, warnings: 0
file: bdw_work/wrappers/dut_cosim.v
	module worklib.dut_cosim:v
		errors: 0, warnings: 0
file: bdw_work/modules/dut/BASIC/dut_rtl.v
	module worklib.dut:v
		errors: 0, warnings: 0
file: bdw_work/modules/dut/BASIC/v_rtl/dut_Div_64Ux2U_32U_4.v
	module worklib.dut_Div_64Ux2U_32U_4:v
		errors: 0, warnings: 0
ncvlog: *W,SPDUSD: Include directory bdw_work/wrappers given but not used.
	Total errors/warnings found outside modules and primitives:
		errors: 0, warnings: 1
*** Registering Hub PLI1.0 Interface***
		Caching library 'worklib' ....... Done
	Elaborating the design hierarchy:
	Top level design units:
		top
	Building instance overlay tables: .................... Done
	Generating native compiled code:
		worklib.dut:v <0x32efc348>
			streams:  60, words: 19077
		worklib.dut_Div_64Ux2U_32U_4:v <0x107532c1>
			streams: 175, words: 44795
		worklib.top:v <0x75293b85>
			streams: 121, words: 100998
	Building instance specific data structures.
	Loading native compiled code:     .................... Done
	Design hierarchy summary:
		                 Instances  Unique
		Modules:                 4       4
		Registers:             194     194
		Scalar wires:          718       -
		Vectored wires:         25       -
		Always blocks:          72      72
		Initial blocks:          7       7
		Cont. assignments:     123     728
		Pseudo assignments:     14      14
		Simulation timescale:  1ps
	Writing initial simulation snapshot: worklib.top:v
Loading snapshot worklib.top:v .................... Done
*** Registering Hub PLI1.0 Interface***
ncsim> source /opt/cadence/INCISIVE152/tools/inca/files/ncsimrc
ncsim> 
ncsim> run
NOTE: Cadence Design Systems Hub Simulation Platform : version 17.20-p100
Simulation stopped via $stop(1) at time 990100 PS + 0
./bdw_work/sims/top_BASIC_V.v:70 		#100 $stop;
ncsim> quit
TOOL:	irun(64)	15.20-s016: Exiting on Nov 18, 2020 at 17:51:55 EST  (total: 00:00:02)
