Generating dependencies for HLS config BASIC of dut.cc
BDW_HLS_CONFIG=BASIC BDW_CYNTH_CONFIG=BASIC \
bdw_exec -jobproject project.tcl -job hls.dut.BASIC.s \
/opt/cadence/STRATUS172/bin/stratus_hls --logfile=stratus_hls.log -I. -Ibdw_work/wrappers -I/opt/cadence/STRATUS172/share/stratus/include  --tl=/opt/cadence/STRATUS172/share/stratus/techlibs/GPDK045/gsclib045_svt_v4.4/gsclib045/timing/slow_vdd1v2_basicCells.lib --balance_expr=off --clock_period=5.000 --default_input_delay=0.100 --dpopt_auto=off --dpopt_with_enable=off --flatten_arrays=none --global_state_encoding=binary --inline_partial_constants=on --lsb_trimming=on --message_detail=1 --method_processing=synthesize --path_delay_limit=120.000 --sched_asap=off --unroll_loops=off --wireload=none -DBASIC=1 -DBDW_RTL_dut_BASIC=1  \
	-d bdw_work/modules/dut/BASIC -o dut_rtl.cc \
	--hls_module=dut --hls_config=BASIC --project=project.tcl \
	 \
	 \
	 \
	 \
	 dut.cc

stratus_hls 17.20-p100  (88533.190925)
Copyright (c) 2018 Cadence Design Systems, Inc. All rights reserved worldwide.

        00481: -D is set to "__x86_64__, STRATUS=1, STRATUS_HLS=1, CYNTHESIZER,
        00481.   CYNTHHL, BASIC=1, BDW_RTL_dut_BASIC=1".
        00481: -I is set to "., bdw_work/wrappers,
        00481.   /opt/cadence/STRATUS172/share/stratus/include,
        00481.   /opt/cadence/STRATUS172/share/stratus/include/std,
        00481.   /opt/cadence/STRATUS172/share/stratus/include,
        00481.   /opt/cadence/STRATUS172/tools.lnx86/stratus/systemc/2.3/include".
        00481: -U is not set.
        00481: --abort_level is set to "FATAL".
        00481: --allow_pipeline_loop_expansion is set to "on".
        00481: --attrib_value is not set.
        00481: --balance_expr is set to "off".
        00481: --cachelib is set to "on".
        00481: --cachelib_dir is not set.
        00481: --cap_table_file is not set.
        00481: --clock_period is set to "5.000".
        00481: --comm_subexp_elim is set to "off".
        00481: --constrain_multiport_mem_distance is set to "on".
        00481: --cycle_slack is set to "0.000".
        00481: --default_input_delay is set to "0.100".
        00481: --default_protocol is set to "off".
        00481: --dont_ungroup_name is not set.
        00481: --dont_ungroup_type is set to "none".
        00481: --dpopt_auto is set to "off".
        00481: --dpopt_effort is set to "normal".
        00481: --dpopt_with_enable is set to "off".
        00481: --eco_baseline is not set.
        00481: --eco_sharing is set to "off".
        00481: --fail_level is set to "ERROR".
        00481: --fixed_reset is set to "off".
        00481: --flatten_arrays is set to "none".
        00481: --fpga_dsp_latency is set to "2".
        00481: --fpga_dsp_min_widths is set to "12,12".
        00481: --fpga_part is not set.
        00481: --fpga_tool is not set.
        00481: --fpga_use_dsp is set to "off".
        00481: --global_state_encoding is set to "binary".
        00481: --help is not set.
        00481: --hls_config is set to "BASIC".
        00481: --hls_module is set to "dut".
        00481: --ignore_cells is not set.
        00481: --inline_partial_constants is set to "on".
        00481: --interconnect_mode is set to "wireload".
        00481: --lef_library is not set.
        00481: --logfile is set to "bdw_work/modules/dut/BASIC/stratus_hls.log".
        00481: --lsb_trimming is set to "on".
        00481: --message_detail is set to "1".
        00481: --message_level is not set.
        00481: --message_suppress is not set.
        00481: --method_processing is set to "synthesize".
        00481: --number_of_routing_layers is not set.
        00481: --output is set to "dut_rtl.cc".
        00481: --output_dir is set to "bdw_work/modules/dut/BASIC".
        00481: --output_style_fp_rtl_same_arch is set to "off".
        00481: --output_style_fsm_increment is set to "on".
        00481: --output_style_mem is set to "array".
        00481: --output_style_merge_cases is set to "on".
        00481: --output_style_multi_cycle_parts is set to "generic".
        00481: --output_style_mux is set to "impl_case".
        00481: --output_style_parts is set to "rtl".
        00481: --output_style_reset_all is set to "off".
        00481: --output_style_reset_all_async is set to "off".
        00481: --output_style_reset_all_sync is set to "off".
        00481: --output_style_separate_behaviors is set to "off".
        00481: --output_style_separate_memories is set to "off".
        00481: --output_style_starc is set to "S2.2.2.2,S2.2.3.1,S2.3.1.1".
        00481: --output_style_structure_only is set to "off".
        00481: --output_style_two_part_fsm is set to "on".
        00481: --output_style_ungroup_parts is set to "on".
        00481: --parts_effort is set to "high".
        00481: --parts_lib is not set.
        00481: --parts_lib_path is not set.
        00481: --path_delay_limit is set to "120".
        00481: --path_delay_limit_unshare_regs is set to "on".
        00481: --port_conns is set to "named".
        00481: --power is set to "off".
        00481: --power_clock_gating is set to "off".
        00481: --power_fsm is set to "off".
        00481: --power_memory is set to "off".
        00481: --prints is set to "on".
        00481: --project is set to "project.tcl".
        00481: --qrc_tech_file is not set.
        00481: --register_fsm_mux_selects is set to "on".
        00481: --retimed_parts is set to "on".
        00481: --rtl_annotation is set to "off".
        00481: --run_through is set to "rtl".
        00481: --scale_of_cap_per_unit_len is not set.
        00481: --scale_of_res_per_unit_len is not set.
        00481: --sched_analysis is set to "on_failure".
        00481: --sched_asap is set to "off".
        00481: --sched_effort is set to "high".
        00481: --sharing_effort_parts is set to "high".
        00481: --sharing_effort_regs is set to "high".
        00481: --shift_trimming is set to "standard".
        00481: --simple_index_mapping is set to "off".
        00481: --split_add is set to "0".
        00481: --split_multiply is set to "0".
        00481: --src_file is set to "dut.cc".
        00481: --summary_level is set to "WARNING".
        00481: --switch_optimizer is set to "on".
        00481: --tech_lib is set to "/opt/cadence/STRATUS172/share/stratus/techlibs/GPDK045/gsclib045_svt_v4.4/gsclib045/timing/slow_vdd1v2_basicCells.lib".
        00481: --timing_aggression is set to "off".
        00481: --undef_func is set to "warn".
        00481: --unroll_loops is set to "off".
        00481: --verilog_dialect is set to "1995".
        00481: --wait_for_license is set to "off".
        00481: --wireload is set to "none".
   NOTE 03065: Control flow zipping is enabled
   NOTE 01483: Using cmdesigner 2017.1.02.7993 (10071301).
   NOTE 01727: Using Genus 17.11-s014_1.

        01425: Loading design and library files:
        01279:   All time values are in "ns".
   NOTE 01277:   Using a clock period of 5.000.

WARNING 02847: Ignoring contents of file
WARNING 02847.   '</opt/cadence/STRATUS172/tools.lnx86/stratus/systemc/2.3/include/systemc>'.

        01824:     Physical estimation options:
        01825:       interconnect_mode .......... wireload
        01825:       techlib ....................
        01825.         /opt/cadence/STRATUS172/share/stratus/techlibs/GPDK045/gsclib045_svt_v4.4/gsclib045/timing/slow_vdd1v2_basicCells.lib
        01825:       wireload ................... none
        00967:   Processing library
        02788:       Using cached results for cyn_reg_estimate
        01472:       Register Metrics:
        01440:          Register Type          Area                Delay
        01440.         --------------   -------------------   ---------------
        01440.         EN SS SC AS AC   Total   Comb    Seq     Prop    Setup
        01440.         -- -- -- -- --   -----  -----  -----   ------   ------
        01438:          0  0  0  0  0     5.5    0.0    5.5    0.114    0.066
        01438:          0  0  0  0  1     6.2    0.0    6.2    0.131    0.067
        01438:          0  0  0  1  0     6.5    0.0    6.5    0.127    0.067
        01438:          0  0  0  1  1    12.0    0.7   11.3    0.141    0.098
        01438:          0  0  1  0  0     6.8    1.4    5.5    0.114    0.123
        01438:          0  0  1  0  1     7.5    1.4    6.2    0.131    0.125
        01438:          0  0  1  1  0     7.9    1.0    6.8    0.161    0.089
        01438:          0  0  1  1  1    12.3    1.0   11.3    0.141    0.106
        01438:          0  1  0  0  0     6.8    1.4    5.5    0.114    0.104
        01438:          0  1  0  0  1     7.5    1.4    6.2    0.131    0.105
        01438:          0  1  0  1  0     7.9    1.0    6.8    0.161    0.100
        01438:          0  1  0  1  1    12.3    1.0   11.3    0.141    0.115
        01438:          0  1  1  0  0     7.5    2.1    5.5    0.114    0.147
        01438:          0  1  1  0  1     8.2    2.1    6.2    0.131    0.149
        01438:          0  1  1  1  0     8.6    1.7    6.8    0.161    0.111
        01438:          0  1  1  1  1    13.0    1.7   11.3    0.141    0.127
        01438:          1  0  0  0  0     7.5    0.0    7.5    0.112    0.122
        01438:          1  0  0  0  1     8.2    0.0    8.2    0.134    0.110
        01438:          1  0  0  1  0     8.9    2.4    6.5    0.129    0.143
        01438:          1  0  0  1  1    13.7    2.4   11.3    0.143    0.133
        01438:          1  0  1  0  0     8.9    1.4    7.5    0.112    0.177
        01438:          1  0  1  0  1     9.6    1.4    8.2    0.134    0.169
        01438:          1  0  1  1  0     9.9    1.7    8.2    0.153    0.131
        01438:          1  0  1  1  1    14.4    1.7   12.7    0.149    0.164
        01438:          1  1  0  0  0     8.9    1.4    7.5    0.112    0.158
        01438:          1  1  0  0  1     9.6    1.4    8.2    0.134    0.150
        01438:          1  1  0  1  0     9.9    1.7    8.2    0.153    0.145
        01438:          1  1  0  1  1    14.4    1.7   12.7    0.149    0.175
        01438:          1  1  1  0  0     9.6    2.1    7.5    0.112    0.202
        01438:          1  1  1  0  1    10.3    2.1    8.2    0.134    0.192
        01438:          1  1  1  1  0    10.6    2.4    8.2    0.153    0.156
        01438:          1  1  1  1  1    15.0    2.4   12.7    0.149    0.187
   NOTE 01037:     Characterizing multiplexors up to 1 bits by 33 inputs.
        02788:       Using cached results for cyn_mux_estimate

        00148: Normalization and optimization:
   NOTE 00860:   Long int data types are being implemented with 64 bits.
        02923:   Dissolving function boundaries.
        02924:   Dissolved 305 function calls.
        01351:   at dut.cc line 29
        01351.     Preprocessing thread dut::dut
        00116:   at dut.cc line 29
        00116.     Optimizing thread dut::thread1
        00305:     589 nodes
        00306:     Optimize: pass 1..
        00305:     443 nodes
        00306:     Optimize: pass 2..
        00305:     437 nodes
        00306:     Optimize: pass 3.
        00305:     431 nodes
        00306:     Optimize: pass 4..
        00305:     425 nodes
        00306:     Optimize: pass 5.
        00305:     425 nodes
        00306:     Optimize: pass 6.
        00305:     425 nodes
        00306:     Optimize: pass 7.
        00305:     415 nodes
        00306:     Optimize: pass 8.
        00305:     415 nodes
        00306:     Optimize: pass 9.
        00289:       at dut.cc line 43
        00289.         This loop is not being unrolled because no unrolling was
        00289.         specified.
        00289:       at dut.cc line 41
        00289.         This loop is not being unrolled because no unrolling was
        00289.         specified.
               ....................................................................................................
               ....................................................................................................
               ............................................
        01352:   at dut.cc line 29
        01352.     Postprocessing thread dut::thread1

        00182: Initial resource mapping:
   NOTE 01037:     Characterizing multiplexors up to 32 bits by 128 inputs.
   NOTE 02776:     Obtaining mux metrics for techlib...

   NOTE 00171: No wireload models present in technology library,
   NOTE 00171.   /opt/cadence/STRATUS172/share/stratus/techlibs/GPDK045/gsclib045_svt_v4.4/gsclib045/timing/slow_vdd1v2_basicCells.lib.

   NOTE 00198: No wire load model is being used.

        00968:   Matching resources
        02788:       Using cached results for dut_Xor_1Ux1U_1U_4
        02790:         Area =     2.74  Latency = 0  Delay =    0.107
        02788:       Using cached results for dut_N_Muxb_1_2_0_4
        02790:         Area =     2.39  Latency = 0  Delay =    0.090
        02788:       Using cached results for dut_Not_1U_1U_4
        02790:         Area =     0.68  Latency = 0  Delay =    0.029
        02788:       Using cached results for dut_And_1Ux1U_1U_4
        02790:         Area =     1.37  Latency = 0  Delay =    0.071
        02788:       Using cached results for dut_Or_1Ux1U_1U_4
        02790:         Area =     1.37  Latency = 0  Delay =    0.070
        02788:       Using cached results for dut_Add_8Ux8U_9U_4
        02790:         Area =    56.77  Latency = 0  Delay =    0.667
        02723:       Synthesizing dut_LessThan_4Ux4U_1U_4...
        02790:         Area =    12.65  Latency = 0  Delay =    0.254
        02723:       Synthesizing dut_Add_9Sx8U_10S_4...
        02790:         Area =    61.22  Latency = 0  Delay =    0.703
        02723:       Synthesizing dut_Add_4Ux2S_4S_4...
        02790:         Area =    18.81  Latency = 0  Delay =    0.368
        02788:       Using cached results for dut_Xor_1Ux1U_1U_1
        02790:         Area =     4.45  Latency = 0  Delay =    0.071
        02788:       Using cached results for dut_N_Muxb_1_2_0_1
        02790:         Area =    11.75  Latency = 0  Delay =    0.060
        02788:       Using cached results for dut_Not_1U_1U_1
        02790:         Area =     4.10  Latency = 0  Delay =    0.019
        02788:       Using cached results for dut_And_1Ux1U_1U_1
        02790:         Area =     8.89  Latency = 0  Delay =    0.046
        02788:       Using cached results for dut_Or_1Ux1U_1U_1
        02790:         Area =     4.45  Latency = 0  Delay =    0.051
        02788:       Using cached results for dut_Add_8Ux8U_9U_1
        02790:         Area =    98.27  Latency = 0  Delay =    0.272
        02723:       Synthesizing dut_LessThan_4Ux4U_1U_1...
        02790:         Area =    17.44  Latency = 0  Delay =    0.159
        02723:       Synthesizing dut_Add_9Sx8U_10S_1...
        02790:         Area =   110.93  Latency = 0  Delay =    0.275
        02723:       Synthesizing dut_Add_4Ux2S_4S_1...
        02790:         Area =    43.21  Latency = 0  Delay =    0.193

        00969: Scheduling:
   NOTE 01144:   at /opt/cadence/STRATUS172/share/stratus/include/cynw_p2p.h
   NOTE 01144.     line 1694
   NOTE 01144.     Setting asynchronous output delay of "din_1.m_stalling" to 
   NOTE 01144.     2.500
   NOTE 01144:   at /opt/cadence/STRATUS172/share/stratus/include/cynw_p2p.h
   NOTE 01144.     line 1694
   NOTE 01144.     Setting asynchronous output delay of "din_2.m_stalling" to 
   NOTE 01144.     2.500
   NOTE 01437:   at dut.cc line 29
   NOTE 01437.     Using global default input delay value of  0.100.
               .............................................
        01171:   Scheduling thread dut::thread1
        00907: ................................................................
        00907: . Loop carried dependencies report for loop:     dut.cc:41,2   .
        00907: .                                                              .
        00907: . <No loop carried dependencies found>                         .
        00907: ................................................................
        00907: ................................................................
        00907: . Loop carried dependencies report for loop:     dut.cc:43,3   .
        00907: .                                                              .
        00907: . Loop carried variables                                       .
        00907: . -------------------------                                    .
        00907: . i                                                            .
        00907: .                                                              .
        00907: . Total loop carried dependencies: 1                           .
        00907: ................................................................
        01169:     Op count: 3
        01166:     Estimated intrinsic mux area: 0
        01158:     Checking feasibility of constraints
        01159:     Constraint Check Complete
        02361:     Schedule complete. Optimizing
        01230:     Optimize: pass 1..
        01230:     Optimize: pass 2

        00970: Allocation & binding:
        01218:     Scheduling Resources:
        01219:                      Resource Quantity
        01220:            dut_Add_8Ux8U_9U_4        1
        01220:       dut_LessThan_4Ux4U_1U_1        1

        02918: RTL Generation & Optimization:
        02917:   Preparing thread dut::thread1 for final RTL output
        01006:     States: 5
        01677:     Building RTL structures, pass 1
        01677:     Building RTL structures, pass 2

               .....................................................................
               .                                                                   .
        00802: . Allocation Report for thread "thread1":                           .
        00805: .                                       Area/Instance               .
        00805: .                                 ------------------------    Total .
        00805: .                Resource  Count    Seq(#FF)    Comb    BB     Area .
        00805: . -----------------------  -----  ----------  ------  ----  ------- .
        00807: .      dut_Add_8Ux8U_9U_4      1                56.8           56.8 .
        00807: .      dut_Add_4Ux2S_4S_4      1                18.8           18.8 .
        00807: . dut_LessThan_4Ux4U_1U_4      1                12.7           12.7 .
        00810: .          implicit muxes                                      39.1 .
        00808: .               registers      6                                    .
        00809: .           register bits     17    5.5(1)       0.0           93.0 .
        00811: . ----------------------------------------------------------------- .
        00812: .              Total Area          93.0(17)    127.4   0.0    220.4 .
               .                                                                   .
               .....................................................................


        01677:     Building RTL structures, pass 3
        00971:   Cleaning up
        00144:     Global optimizations...............................
        00144:     Global optimizations...............................
        02788:       Using cached results for dut_DECODE_4U_3_4
        02790:         Area =     5.13  Latency = 0  Delay =    0.071
        02788:       Using cached results for dut_NotBit_1U_2_4
        02790:         Area =     0.68  Latency = 0  Delay =    0.029
        02788:       Using cached results for dut_Add_2U_1_4
        02790:         Area =     8.55  Latency = 0  Delay =    0.196

               +---------------------------------------------------------------+
               |                                                               |
        00803: | Allocation Report for all threads:                            |
        00805: |                                   Area/Instance               |
        00805: |                             ------------------------    Total |
        00805: |            Resource  Count    Seq(#FF)    Comb    BB     Area |
        00805: | -------------------  -----  ----------  ------  ----  ------- |
        00807: |  dut_Add_8Ux8U_9U_4      1                56.8           56.8 |
        00807: |           mux_9bx2i      1                27.9           27.9 |
        00807: |  dut_And_1Ux1U_1U_4      5                 1.4            6.8 |
        00807: |           mux_2bx2i      1                 5.4            5.4 |
        00807: |           mux_1bx4i      1                 5.2            5.2 |
        00807: |  dut_N_Muxb_1_2_0_4      2                 2.4            4.8 |
        00807: |           mux_1bx2i      2                 2.3            4.7 |
        00807: |   dut_Or_1Ux1U_1U_4      3                 1.4            4.1 |
        00807: |     dut_Not_1U_1U_4      5                 0.7            3.4 |
        00807: |  dut_Xor_1Ux1U_1U_4      1                 2.7            2.7 |
        00808: |           registers      9                                    |
        01442: |   Reg bits by type:                                           |
        01442. |      EN SS SC AS AC                                           |
        00809: |       0  0  1  0  0      2    5.5(1)       1.4                |
        00809: |       0  1  0  0  0      2    5.5(1)       1.4                |
        00809: |       1  0  0  0  0      9    7.5(1)       0.0                |
        00809: |       1  0  1  0  0      3    7.5(1)       1.4                |
        00809: |       1  1  0  0  0      2    7.5(1)       1.4                |
        00809: |   all register bits     18    7.1(1)       0.7          139.5 |
        02604: |     estimated cntrl      1                 7.7            7.7 |
        00811: | ------------------------------------------------------------- |
        00812: |          Total Area         127.2(18)    141.9   0.0    269.1 |
               |                                                               |
               +---------------------------------------------------------------+



        00195: Writing RTL files:
        01766:   bdw_work/modules/dut/BASIC/dut_rtl.h
        01767:   bdw_work/modules/dut/BASIC/dut_rtl.cc
        01768:   bdw_work/modules/dut/BASIC/dut_rtl.v

        01445: Summary of messages of severity WARNING or greater:
        01193:   SEVERITY MSGID CNT
        01198:    WARNING 02847   1

stratus_hls succeeded with 0 errors and 1 warning.

make[1]: `bdw_work/modules/dut/BASIC/dut_rtl.v' is up to date.
/opt/cadence/STRATUS172/bin/bdw_makegen project.tcl -scsim builtin -lib bdw_work/modules/dut/BASIC -o bdw_work/modules/dut/BASIC/Makefile -module dut -cynthconfig BASIC  
WARNING: This script is running on an unsupported platform: 
CentOS Linux release 7.8.2003 (Core)

/opt/cadence/STRATUS172/bin/bdw_shell /opt/cadence/STRATUS172/share/stratus/tcl/bdw_siminfo.tcl project.tcl BASIC_V
WARNING: This script is running on an unsupported platform: 
CentOS Linux release 7.8.2003 (Core)

/opt/cadence/STRATUS172/tools.lnx86/stratus/gcc/4.8/bin/g++  -Ibdw_work/modules/dut/BASIC -I./ -I./ -Ibdw_work/wrappers  -DBDW_CC_SPEC=1 -Ibdw_work/modules/dut/BASIC/c_parts -DBASIC=1 -DBDW_RTL_dut_BASIC=1    -c -g -DCLOCK_PERIOD=5.0   -fPIC  -I/opt/cadence/STRATUS172/share/stratus/include -I/opt/cadence/STRATUS172/tools.lnx86/stratus/systemc/2.3/include  -DBDW_HUB=1    -DBDW_USE_SCV=0 -o bdw_work/modules/dut/BASIC/dut.o  bdw_work/wrappers/dut_wrap.cc
/opt/cadence/STRATUS172/tools.lnx86/stratus/gcc/4.8/bin/g++ -shared -Wl,-Bsymbolic  \
        -Wl,-rpath,/opt/cadence/STRATUS172/tools.lnx86/stratus/lib/64bit \
        -Wl,-rpath,/opt/cadence/STRATUS172/tools.lnx86/lib/64bit \
        -Wl,-rpath,/opt/cadence/STRATUS172/tools.lnx86/stratus/systemc/2.3/lib-linux64 \
	-o bdw_work/sims/BASIC_V/sim_BASIC_V.so  \
	bdw_work/modules/dut/BASIC/dut.o bdw_work/objs/main.o bdw_work/objs/system.o bdw_work/objs/tb.o \
	 \
	 \
        bdw_work/libesc/libesc.a \
	 \
	-L /opt/cadence/STRATUS172/tools.lnx86/lib/64bit -L /opt/cadence/STRATUS172/tools.lnx86/stratus/lib/64bit  -L /opt/cadence/STRATUS172/tools.lnx86/stratus/systemc/2.3/lib-linux64 -lscv -lsystemc  -lbdw_st  \
	-lm -lcrypt -ldl \
	2>&1 | perl /opt/cadence/STRATUS172/tools.lnx86/stratus/lib/hub_link_filter.pl
/opt/cadence/STRATUS172/bin/bdw_wrapgen -project project.tcl -simconfig BASIC_V -top top
WARNING: This script is running on an unsupported platform: 
CentOS Linux release 7.8.2003 (Core)

/opt/cadence/STRATUS172/bin/bdw_wrapgen -project project.tcl -simconfig BASIC_V -top top

BDW_SIM_CONFIG_DIR=bdw_work/sims/BASIC_V \
bdw_exec -jobproject project.tcl -job sim.BASIC_V.s \
/opt/cadence/STRATUS172/bin/hub_ncverilog \
	-f bdw_work/sims/BASIC_V/siminfo \
	+ncinput+bdw_work/sims/BASIC_V/ncverilog.do \
	+nclibdirname+bdw_work/sims/BASIC_V \
	+libext+.v   +define+ioConfig +define+BDW_RTL_dut_BASIC \
	+nowarn+LIBNOU  +hubSetOption+libdef=bdw_work/sims/BASIC_V/sim_BASIC_V.so +hubSetOption+bdr=bdw_work/sims/BASIC_V/sim.bdr \
	-l bdw_work/sims/BASIC_V/bdw_sim_verilog.log \
	2>&1 | tee bdw_work/sims/BASIC_V/bdw_sim.log
Operating system ,
 GCC 4.8.5,
 and Cadence NC/IUS 15.20
are a supported combination.
irun(64): 15.20-s016: (c) Copyright 1995-2016 Cadence Design Systems, Inc.
Recompiling... reason: file './bdw_work/modules/dut/BASIC/dut_rtl.v' is newer than expected.
	expected: Thu Nov 19 23:21:03 2020
	actual:   Fri Nov 20 12:05:36 2020
file: bdw_work/modules/dut/BASIC/dut_rtl.v
	module worklib.dut:v
		errors: 0, warnings: 0
ncvlog: *W,SPDUSD: Include directory bdw_work/wrappers given but not used.
	Total errors/warnings found outside modules and primitives:
		errors: 0, warnings: 1
*** Registering Hub PLI1.0 Interface***
		Caching library 'worklib' ....... Done
	Elaborating the design hierarchy:
	Top level design units:
		top
	Building instance overlay tables: .................... Done
	Generating native compiled code:
		worklib.dut:v <0x499c6ae8>
			streams:  25, words:  7177
		worklib.top:v <0x794676d2>
			streams: 120, words: 105289
	Building instance specific data structures.
	Loading native compiled code:     .................... Done
	Design hierarchy summary:
		                 Instances  Unique
		Modules:                 3       3
		Registers:             144     144
		Scalar wires:           22       -
		Vectored wires:          4       -
		Always blocks:          23      23
		Initial blocks:          8       8
		Cont. assignments:       8      18
		Pseudo assignments:      7       7
		Simulation timescale:  1ps
	Writing initial simulation snapshot: worklib.top:v
Loading snapshot worklib.top:v .................... Done
*** Registering Hub PLI1.0 Interface***
ncsim> source /opt/cadence/INCISIVE152/tools/inca/files/ncsimrc
ncsim> 
ncsim> run

             SystemC 2.3.0-ASI --- Feb  9 2017 16:02:52
        Copyright (c) 1996-2012 by all Contributors,
        ALL RIGHTS RESERVED

NOTE: Cadence Design Systems Hub Simulation Platform : version 17.20-p100
Latency for sample 0 is 1
Latency for sample 1 is 1
Latency for sample 2 is 1
Latency for sample 3 is 1
Latency for sample 4 is 1
Latency for sample 5 is 1
Latency for sample 6 is 1
Latency for sample 7 is 1
Latency for sample 8 is 1
Latency for sample 9 is 1
Average latency 0.
Simulation stopped via $stop(1) at time 165100 PS + 0
./bdw_work/sims/top_BASIC_V.v:66 		#100 $stop;
ncsim> quit
BDW_SIM_CONFIG_DIR=bdw_work/sims/BASIC_V make cmp_result 2>&1 | tee -a bdw_work/sims/BASIC_V/bdw_sim.log
****************************************
Fri Nov 20 12:05:47 EST 2020
Performing Simulation Results Comparison
for BASIC_V Simulation...
  BASIC_V: SIMULATION PASSED
****************************************
