=========================================================
Scheduler report file
Generated by stratus_hls 17.20-p100  (88533.190925)
On:          Wed Nov 18 17:51:43 2020
Project Dir: /work/shared/users/phd/jl3952/tutorials/systemc/stratus_examples/lab_pipelining
Module:      dut
HLS Config:  BASIC
=========================================================
Scheduler report for : gen_unvalidated_req_0                                                                      
--------------------------------------------                                                                                            
                                                                                                                  
Op                    SID(BB;Clocked)  Pipeline Stage  IS     SRCLOC                                              
--                    ---------------  --------------  --     ------                                              
                                                                                                                  
din.gen_unvalidated_  8 (7:FALSE)      --              FALSE  dut.h,l:46,c:30                                     
                                                                                                                  
din                   10 (9:FALSE)     --              FALSE  dut.h,l:46,c:30                                     
                                                                                                                  
din.gen_unvalidated_  11 (10:TRUE)     --              FALSE  dut.h,l:46,c:30                                     
                                                                                                                  
din.gen_unvalidated_  14 (13:FALSE)    --              FALSE  dut.h,l:46,c:30                                     
                                                                                                                  
din.gen_unvalidated_  14 (13:FALSE)    --              FALSE  dut.h,l:46,c:30                                     
                                                                                                                  
din.gen_unvalidated_  14 (13:FALSE)    --              FALSE  dut.h,l:46,c:30                                     
                                                                                                                  
din.gen_unvalidated_  14 (13:FALSE)    --              FALSE  dut.h,l:46,c:30                                     
                                                                                                                  
                                                                                                                  
Scheduler report for : gen_prev_trig_reg_0                                                                        
------------------------------------------                                                                                            
                                                                                                                  
Op                    SID(BB;Clocked)  Pipeline Stage  IS     SRCLOC                                              
--                    ---------------  --------------  --     ------                                              
                                                                                                                  
dout.m_req.gen_prev_  6 (5:FALSE)      --              FALSE  dut.h,l:47,c:31                                     
                                                                                                                  
dout.m_req.gen_prev_  12 (11:FALSE)    --              FALSE  dut.h,l:47,c:31                                     
                                                                                                                  
dout.m_req.gen_prev_  12 (11:FALSE)    --              FALSE  dut.h,l:47,c:31                                     
                                                                                                                  
                                                                                                                  
Scheduler report for : gen_busy_0                                                                                 
---------------------------------                                                                                            
                                                                                                                  
Op                    SID(BB;Clocked)  Pipeline Stage  IS     SRCLOC                                              
--                    ---------------  --------------  --     ------                                              
                                                                                                                  
din.gen_busy.use_vld  6 (5:FALSE)      --              FALSE  dut.h,l:46,c:30                                     
                                                                                                                  
din.gen_busy          6 (5:FALSE)      --              FALSE  dut.h,l:46,c:30                                     
                                                                                                                  
din.gen_busy          6 (5:FALSE)      --              FALSE  dut.h,l:46,c:30                                     
                                                                                                                  
din.gen_busy          6 (5:FALSE)      --              FALSE  dut.h,l:46,c:30                                     
                                                                                                                  
din.gen_busy          6 (5:FALSE)      --              FALSE  dut.h,l:46,c:30                                     
                                                                                                                  
din.gen_busy          6 (5:FALSE)      --              FALSE  dut.h,l:46,c:30                                     
                                                                                                                  
din.gen_busy          6 (5:FALSE)      --              FALSE  dut.h,l:46,c:30                                     
                                                                                                                  
din.gen_busy          6 (5:FALSE)      --              FALSE  dut.h,l:46,c:30                                     
                                                                                                                  
din.gen_busy          6 (5:FALSE)      --              FALSE  dut.h,l:46,c:30                                     
                                                                                                                  
din.gen_busy          6 (5:FALSE)      --              FALSE  dut.h,l:46,c:30                                     
                                                                                                                  
din.gen_busy          6 (5:FALSE)      --              FALSE  dut.h,l:46,c:30                                     
                                                                                                                  
din.gen_busy          6 (5:FALSE)      --              FALSE  dut.h,l:46,c:30                                     
                                                                                                                  
                                                                                                                  
Scheduler report for : gen_do_stall_reg_full_0                                                                    
----------------------------------------------                                                                                            
                                                                                                                  
Op                    SID(BB;Clocked)  Pipeline Stage  IS     SRCLOC                                              
--                    ---------------  --------------  --     ------                                              
                                                                                                                  
din.gen_do_stall_reg  6 (5:FALSE)      --              FALSE  dut.h,l:46,c:30                                     
                                                                                                                  
din.gen_do_stall_reg  12 (11:FALSE)    --              FALSE  dut.h,l:46,c:30                                     
                                                                                                                  
din.gen_do_stall_reg  12 (11:FALSE)    --              FALSE  dut.h,l:46,c:30                                     
                                                                                                                  
din.gen_do_stall_reg  12 (11:FALSE)    --              FALSE  dut.h,l:46,c:30                                     
                                                                                                                  
din.gen_do_stall_reg  12 (11:FALSE)    --              FALSE  dut.h,l:46,c:30                                     
                                                                                                                  
                                                                                                                  
Scheduler report for : gen_do_reg_vld_0                                                                           
---------------------------------------                                                                                            
                                                                                                                  
Op                    SID(BB;Clocked)  Pipeline Stage  IS     SRCLOC                                              
--                    ---------------  --------------  --     ------                                              
                                                                                                                  
din.gen_do_reg_vld    8 (7:FALSE)      --              FALSE  dut.h,l:46,c:30                                     
                                                                                                                  
din                   10 (9:FALSE)     --              FALSE  dut.h,l:46,c:30                                     
                                                                                                                  
din.gen_do_reg_vld    11 (10:TRUE)     --              FALSE  dut.h,l:46,c:30                                     
                                                                                                                  
din.gen_do_reg_vld    14 (13:FALSE)    --              FALSE  dut.h,l:46,c:30                                     
                                                                                                                  
din.gen_do_reg_vld    14 (13:FALSE)    --              FALSE  dut.h,l:46,c:30                                     
                                                                                                                  
din.gen_do_reg_vld.o  14 (13:FALSE)    --              FALSE  dut.h,l:46,c:30                                     
                                                                                                                  
din.gen_do_reg_vld    14 (13:FALSE)    --              FALSE  dut.h,l:46,c:30                                     
                                                                                                                  
                                                                                                                  
Scheduler report for : gen_active_0                                                                               
-----------------------------------                                                                                            
                                                                                                                  
Op                    SID(BB;Clocked)  Pipeline Stage  IS     SRCLOC                                              
--                    ---------------  --------------  --     ------                                              
                                                                                                                  
dout.m_req.gen_activ  4 (3:FALSE)      --              FALSE  dut.h,l:47,c:31                                     
                                                                                                                  
dout.m_req.gen_activ  4 (3:FALSE)      --              FALSE  dut.h,l:47,c:31                                     
                                                                                                                  
dout.m_req.gen_activ  4 (3:FALSE)      --              FALSE  dut.h,l:47,c:31                                     
                                                                                                                  
dout.m_req.gen_activ  4 (3:FALSE)      --              FALSE  dut.h,l:47,c:31                                     
                                                                                                                  
                                                                                                                  
Scheduler report for : gen_vld_0                                                                                  
--------------------------------                                                                                            
                                                                                                                  
Op                    SID(BB;Clocked)  Pipeline Stage  IS     SRCLOC                                              
--                    ---------------  --------------  --     ------                                              
                                                                                                                  
dout.gen_vld          4 (3:FALSE)      --              FALSE  dut.h,l:47,c:31                                     
                                                                                                                  
dout.gen_vld          4 (3:FALSE)      --              FALSE  dut.h,l:47,c:31                                     
                                                                                                                  
dout.gen_vld          4 (3:FALSE)      --              FALSE  dut.h,l:47,c:31                                     
                                                                                                                  
dout.gen_vld          4 (3:FALSE)      --              FALSE  dut.h,l:47,c:31                                     
                                                                                                                  
                                                                                                                  
Scheduler report for : gen_stalling_0                                                                             
-------------------------------------                                                                                            
                                                                                                                  
Op                    SID(BB;Clocked)  Pipeline Stage  IS     SRCLOC                                              
--                    ---------------  --------------  --     ------                                              
                                                                                                                  
dout.gen_stalling     4 (3:FALSE)      --              FALSE  dut.h,l:47,c:31                                     
                                                                                                                  
dout.gen_stalling     5 (4:TRUE)       --              FALSE  dut.h,l:47,c:31                                     
                                                                                                                  
dout.gen_stalling     6 (5:FALSE)      --              FALSE  dut.h,l:47,c:31                                     
                                                                                                                  
dout.gen_stalling     6 (5:FALSE)      --              FALSE  dut.h,l:47,c:31                                     
                                                                                                                  
dout.gen_stalling     6 (5:FALSE)      --              FALSE  dut.h,l:47,c:31                                     
                                                                                                                  
                                                                                                                  
Scheduler report for : gen_unacked_req_0                                                                          
----------------------------------------                                                                                            
                                                                                                                  
Op                    SID(BB;Clocked)  Pipeline Stage  IS     SRCLOC                                              
--                    ---------------  --------------  --     ------                                              
                                                                                                                  
dout.gen_unacked_req  6 (5:FALSE)      --              FALSE  dut.h,l:47,c:31                                     
                                                                                                                  
dout.gen_unacked_req  12 (11:FALSE)    --              FALSE  dut.h,l:47,c:31                                     
                                                                                                                  
dout.gen_unacked_req  12 (11:FALSE)    --              FALSE  dut.h,l:47,c:31                                     
                                                                                                                  
                                                                                                                  
Scheduler report for : gen_next_trig_reg_0                                                                        
------------------------------------------                                                                                            
                                                                                                                  
Op                    SID(BB;Clocked)  Pipeline Stage  IS     SRCLOC                                              
--                    ---------------  --------------  --     ------                                              
                                                                                                                  
dout.m_req.gen_next_  3 (2:TRUE)       --              FALSE  dut.h,l:47,c:31                                     
                                                                                                                  
dout.m_req.gen_next_  3 (2:TRUE)       --              FALSE  dut.h,l:47,c:31                                     
                                                                                                                  
dout.m_req.gen_next_  3 (2:TRUE)       --              FALSE  dut.h,l:47,c:31                                     
                                                                                                                  
                                                                                                                  
Scheduler report for : thread1                                                                                    
------------------------------                                                                                            
                                                                                                                  
Op                    SID(BB;Clocked)  Pipeline Stage  IS     SRCLOC                                              
--                    ---------------  --------------  --     ------                                              
                                                                                                                  
din.m_busy_req_0.res  3 (2:FALSE)      --              FALSE  @(f:dut.h,l:46,c:30->f:/opt/cadence/STRATUS172/sha  
                                                                                                                  
din.m_stalling.reset  3 (2:FALSE)      --              FALSE  @(f:dut.h,l:46,c:30->f:/opt/cadence/STRATUS172/sha  
                                                                                                                  
dout.m_req.m_trig_re  3 (2:FALSE)      --              FALSE  @(f:dut.h,l:47,c:31->f:/opt/cadence/STRATUS172/sha  
                                                                                                                  
din.m_busy_req_0.get  6 (5:FALSE)      --              FALSE  @(f:dut.h,l:46,c:30->f:/opt/cadence/STRATUS172/sha  
                                                                                                                  
din                   8 (7:TRUE)       --              FALSE  dut.h,l:46,c:30                                     
                                                                                                                  
thread1.get           8 (7:TRUE)       --              FALSE  dut.cc,l:28,c:11 mapped                             
                                                                                                                  
din.m_busy_req_0.get  9 (8:FALSE)      --              FALSE  @(f:dut.h,l:46,c:30->f:/opt/cadence/STRATUS172/sha  
                                                                                                                  
din.data.a.get::nb_g  11 (10:FALSE)    --              FALSE  @(f:dut.h,l:46,c:30->f:/opt/cadence/STRATUS172/sha  
                                                                                                                  
din.data.b.get::nb_g  11 (10:FALSE)    --              FALSE  @(f:dut.h,l:46,c:30->f:/opt/cadence/STRATUS172/sha  
                                                                                                                  
din.data.d.get::nb_g  11 (10:FALSE)    --              FALSE  @(f:dut.h,l:46,c:30->f:/opt/cadence/STRATUS172/sha  
                                                                                                                  
din.data.e.get::nb_g  11 (10:FALSE)    --              FALSE  @(f:dut.h,l:46,c:30->f:/opt/cadence/STRATUS172/sha  
                                                                                                                  
din.data.c.get::nb_g  11 (10:FALSE)    --              FALSE  @(f:dut.h,l:46,c:30->f:/opt/cadence/STRATUS172/sha  
                                                                                                                  
din.data.f.get::nb_g  11 (10:FALSE)    --              FALSE  @(f:dut.h,l:46,c:30->f:/opt/cadence/STRATUS172/sha  
                                                                                                                  
din.data.g.get::nb_g  11 (10:FALSE)    --              FALSE  @(f:dut.h,l:46,c:30->f:/opt/cadence/STRATUS172/sha  
                                                                                                                  
din.data.h.get::nb_g  11 (10:FALSE)    --              FALSE  @(f:dut.h,l:46,c:30->f:/opt/cadence/STRATUS172/sha  
                                                                                                                  
                      11 (10:FALSE)    --              FALSE  f:dut.cc,l:56,c:16                                  
                                                                                                                  
                      11 (10:FALSE)    --              FALSE  f:dut.cc,l:55,c:20                                  
                                                                                                                  
                      11 (10:FALSE)    --              FALSE  f:dut.cc,l:56,c:26                                  
                                                                                                                  
                      11 (10:FALSE)    --              FALSE  f:dut.cc,l:55,c:30                                  
                                                                                                                  
                      11 (10:FALSE)    --              FALSE  f:dut.cc,l:57,c:16                                  
                                                                                                                  
                      11 (10:FALSE)    --              FALSE  f:dut.cc,l:56,c:4                                   
                                                                                                                  
                      11 (10:FALSE)    --              FALSE  f:dut.cc,l:59,c:20                                  
                                                                                                                  
trimmed               12 (11:TRUE)     --              FALSE  to 28:0: f:dut.cc,l:57,c:4                          
                                                                                                                  
                      12 (11:TRUE)     --              FALSE  f:dut.cc,l:59,c:44                                  
                                                                                                                  
                      12 (11:TRUE)     --              FALSE  f:dut.cc,l:59,c:32                                  
                                                                                                                  
                      12 (11:TRUE)     --              FALSE  f:dut.cc,l:59,c:68                                  
                                                                                                                  
                      12 (11:TRUE)     --              FALSE  f:dut.cc,l:59,c:56                                  
                                                                                                                  
                      12 (11:TRUE)     --              FALSE  f:dut.cc,l:61,c:51                                  
                                                                                                                  
                      12 (11:TRUE)     --              FALSE  f:dut.cc,l:61,c:20                                  
                                                                                                                  
                      12 (11:TRUE)     --              FALSE  f:dut.cc,l:61,c:63                                  
                                                                                                                  
                      13 (11:TRUE)     --              FALSE  f:dut.cc,l:63,c:36                                  
                                                                                                                  
                      13 (11:TRUE)     --              FALSE  f:dut.cc,l:61,c:32                                  
                                                                                                                  
                      13 (11:TRUE)     --              FALSE  f:dut.cc,l:61,c:39                                  
                                                                                                                  
                      13 (11:TRUE)     --              FALSE  f:dut.cc,l:63,c:26                                  
                                                                                                                  
                      13 (11:TRUE)     --              FALSE  f:dut.cc,l:63,c:17                                  
                                                                                                                  
                      16 (12:FALSE)    --              FALSE  f:dut.cc,l:63,c:48                                  
                                                                                                                  
dout.data.put::nb_pu  16 (12:FALSE)    --              FALSE  @(f:dut.h,l:47,c:31->f:/opt/cadence/STRATUS172/sha  
                                                                                                                  
dout                  16 (12:FALSE)    --              FALSE  dut.h,l:47,c:31                                     
                                                                                                                  
dout.m_req.m_trig_re  16 (12:FALSE)    --              FALSE  @(f:dut.h,l:47,c:31->f:/opt/cadence/STRATUS172/sha  
                                                                                                                  
dout                  18 (14:TRUE)     --              FALSE  dut.h,l:47,c:31                                     
                                                                                                                  
thread1.put           18 (14:TRUE)     --              FALSE  dut.cc,l:28,c:11 mapped                             
                                                                                                                  
                                                                                                                  
