=========================================================
Scheduler report file
Generated by stratus_hls 17.20-p100  (88533.190925)
On:          Tue Nov 17 14:53:17 2020
Project Dir: /work/shared/users/phd/jl3952/tutorials/systemc/stratus_examples/lab_explicit_mem
Module:      dut
HLS Config:  BASIC
=========================================================
Scheduler report for : gen_unvalidated_req_0                                                                      
--------------------------------------------                                                                                            
                                                                                                                  
Op                    SID(BB;Clocked)  Pipeline Stage  IS     SRCLOC                                              
--                    ---------------  --------------  --     ------                                              
                                                                                                                  
din.gen_unvalidated_  8 (7:FALSE)      --              FALSE  dut.h,l:43,c:27                                     
                                                                                                                  
din                   10 (9:FALSE)     --              FALSE  dut.h,l:43,c:27                                     
                                                                                                                  
din.gen_unvalidated_  11 (10:TRUE)     --              FALSE  dut.h,l:43,c:27                                     
                                                                                                                  
din.gen_unvalidated_  14 (13:FALSE)    --              FALSE  dut.h,l:43,c:27                                     
                                                                                                                  
din.gen_unvalidated_  14 (13:FALSE)    --              FALSE  dut.h,l:43,c:27                                     
                                                                                                                  
din.gen_unvalidated_  14 (13:FALSE)    --              FALSE  dut.h,l:43,c:27                                     
                                                                                                                  
din.gen_unvalidated_  14 (13:FALSE)    --              FALSE  dut.h,l:43,c:27                                     
                                                                                                                  
                                                                                                                  
Scheduler report for : gen_prev_trig_reg_0                                                                        
------------------------------------------                                                                                            
                                                                                                                  
Op                    SID(BB;Clocked)  Pipeline Stage  IS     SRCLOC                                              
--                    ---------------  --------------  --     ------                                              
                                                                                                                  
dout.m_req.gen_prev_  6 (5:FALSE)      --              FALSE  dut.h,l:44,c:29                                     
                                                                                                                  
dout.m_req.gen_prev_  12 (11:FALSE)    --              FALSE  dut.h,l:44,c:29                                     
                                                                                                                  
dout.m_req.gen_prev_  12 (11:FALSE)    --              FALSE  dut.h,l:44,c:29                                     
                                                                                                                  
                                                                                                                  
Scheduler report for : gen_busy_0                                                                                 
---------------------------------                                                                                            
                                                                                                                  
Op                    SID(BB;Clocked)  Pipeline Stage  IS     SRCLOC                                              
--                    ---------------  --------------  --     ------                                              
                                                                                                                  
din.gen_busy.use_vld  6 (5:FALSE)      --              FALSE  dut.h,l:43,c:27                                     
                                                                                                                  
din.gen_busy          6 (5:FALSE)      --              FALSE  dut.h,l:43,c:27                                     
                                                                                                                  
din.gen_busy          6 (5:FALSE)      --              FALSE  dut.h,l:43,c:27                                     
                                                                                                                  
din.gen_busy          6 (5:FALSE)      --              FALSE  dut.h,l:43,c:27                                     
                                                                                                                  
din.gen_busy          6 (5:FALSE)      --              FALSE  dut.h,l:43,c:27                                     
                                                                                                                  
din.gen_busy          6 (5:FALSE)      --              FALSE  dut.h,l:43,c:27                                     
                                                                                                                  
din.gen_busy          6 (5:FALSE)      --              FALSE  dut.h,l:43,c:27                                     
                                                                                                                  
din.gen_busy          6 (5:FALSE)      --              FALSE  dut.h,l:43,c:27                                     
                                                                                                                  
din.gen_busy          6 (5:FALSE)      --              FALSE  dut.h,l:43,c:27                                     
                                                                                                                  
din.gen_busy          6 (5:FALSE)      --              FALSE  dut.h,l:43,c:27                                     
                                                                                                                  
din.gen_busy          6 (5:FALSE)      --              FALSE  dut.h,l:43,c:27                                     
                                                                                                                  
din.gen_busy          6 (5:FALSE)      --              FALSE  dut.h,l:43,c:27                                     
                                                                                                                  
                                                                                                                  
Scheduler report for : gen_do_stall_reg_full_0                                                                    
----------------------------------------------                                                                                            
                                                                                                                  
Op                    SID(BB;Clocked)  Pipeline Stage  IS     SRCLOC                                              
--                    ---------------  --------------  --     ------                                              
                                                                                                                  
din.gen_do_stall_reg  6 (5:FALSE)      --              FALSE  dut.h,l:43,c:27                                     
                                                                                                                  
din.gen_do_stall_reg  12 (11:FALSE)    --              FALSE  dut.h,l:43,c:27                                     
                                                                                                                  
din.gen_do_stall_reg  12 (11:FALSE)    --              FALSE  dut.h,l:43,c:27                                     
                                                                                                                  
din.gen_do_stall_reg  12 (11:FALSE)    --              FALSE  dut.h,l:43,c:27                                     
                                                                                                                  
din.gen_do_stall_reg  12 (11:FALSE)    --              FALSE  dut.h,l:43,c:27                                     
                                                                                                                  
                                                                                                                  
Scheduler report for : gen_do_reg_vld_0                                                                           
---------------------------------------                                                                                            
                                                                                                                  
Op                    SID(BB;Clocked)  Pipeline Stage  IS     SRCLOC                                              
--                    ---------------  --------------  --     ------                                              
                                                                                                                  
din.gen_do_reg_vld    8 (7:FALSE)      --              FALSE  dut.h,l:43,c:27                                     
                                                                                                                  
din                   10 (9:FALSE)     --              FALSE  dut.h,l:43,c:27                                     
                                                                                                                  
din.gen_do_reg_vld    11 (10:TRUE)     --              FALSE  dut.h,l:43,c:27                                     
                                                                                                                  
din.gen_do_reg_vld    14 (13:FALSE)    --              FALSE  dut.h,l:43,c:27                                     
                                                                                                                  
din.gen_do_reg_vld    14 (13:FALSE)    --              FALSE  dut.h,l:43,c:27                                     
                                                                                                                  
din.gen_do_reg_vld.o  14 (13:FALSE)    --              FALSE  dut.h,l:43,c:27                                     
                                                                                                                  
din.gen_do_reg_vld    14 (13:FALSE)    --              FALSE  dut.h,l:43,c:27                                     
                                                                                                                  
                                                                                                                  
Scheduler report for : gen_active_0                                                                               
-----------------------------------                                                                                            
                                                                                                                  
Op                    SID(BB;Clocked)  Pipeline Stage  IS     SRCLOC                                              
--                    ---------------  --------------  --     ------                                              
                                                                                                                  
dout.m_req.gen_activ  4 (3:FALSE)      --              FALSE  dut.h,l:44,c:29                                     
                                                                                                                  
dout.m_req.gen_activ  4 (3:FALSE)      --              FALSE  dut.h,l:44,c:29                                     
                                                                                                                  
dout.m_req.gen_activ  4 (3:FALSE)      --              FALSE  dut.h,l:44,c:29                                     
                                                                                                                  
dout.m_req.gen_activ  4 (3:FALSE)      --              FALSE  dut.h,l:44,c:29                                     
                                                                                                                  
                                                                                                                  
Scheduler report for : gen_vld_0                                                                                  
--------------------------------                                                                                            
                                                                                                                  
Op                    SID(BB;Clocked)  Pipeline Stage  IS     SRCLOC                                              
--                    ---------------  --------------  --     ------                                              
                                                                                                                  
dout.gen_vld          4 (3:FALSE)      --              FALSE  dut.h,l:44,c:29                                     
                                                                                                                  
dout.gen_vld          4 (3:FALSE)      --              FALSE  dut.h,l:44,c:29                                     
                                                                                                                  
dout.gen_vld          4 (3:FALSE)      --              FALSE  dut.h,l:44,c:29                                     
                                                                                                                  
dout.gen_vld          4 (3:FALSE)      --              FALSE  dut.h,l:44,c:29                                     
                                                                                                                  
                                                                                                                  
Scheduler report for : gen_stalling_0                                                                             
-------------------------------------                                                                                            
                                                                                                                  
Op                    SID(BB;Clocked)  Pipeline Stage  IS     SRCLOC                                              
--                    ---------------  --------------  --     ------                                              
                                                                                                                  
dout.gen_stalling     4 (3:FALSE)      --              FALSE  dut.h,l:44,c:29                                     
                                                                                                                  
dout.gen_stalling     5 (4:TRUE)       --              FALSE  dut.h,l:44,c:29                                     
                                                                                                                  
dout.gen_stalling     6 (5:FALSE)      --              FALSE  dut.h,l:44,c:29                                     
                                                                                                                  
dout.gen_stalling     6 (5:FALSE)      --              FALSE  dut.h,l:44,c:29                                     
                                                                                                                  
dout.gen_stalling     6 (5:FALSE)      --              FALSE  dut.h,l:44,c:29                                     
                                                                                                                  
                                                                                                                  
Scheduler report for : gen_unacked_req_0                                                                          
----------------------------------------                                                                                            
                                                                                                                  
Op                    SID(BB;Clocked)  Pipeline Stage  IS     SRCLOC                                              
--                    ---------------  --------------  --     ------                                              
                                                                                                                  
dout.gen_unacked_req  6 (5:FALSE)      --              FALSE  dut.h,l:44,c:29                                     
                                                                                                                  
dout.gen_unacked_req  12 (11:FALSE)    --              FALSE  dut.h,l:44,c:29                                     
                                                                                                                  
dout.gen_unacked_req  12 (11:FALSE)    --              FALSE  dut.h,l:44,c:29                                     
                                                                                                                  
                                                                                                                  
Scheduler report for : gen_next_trig_reg_0                                                                        
------------------------------------------                                                                                            
                                                                                                                  
Op                    SID(BB;Clocked)  Pipeline Stage  IS     SRCLOC                                              
--                    ---------------  --------------  --     ------                                              
                                                                                                                  
dout.m_req.gen_next_  3 (2:TRUE)       --              FALSE  dut.h,l:44,c:29                                     
                                                                                                                  
dout.m_req.gen_next_  3 (2:TRUE)       --              FALSE  dut.h,l:44,c:29                                     
                                                                                                                  
dout.m_req.gen_next_  3 (2:TRUE)       --              FALSE  dut.h,l:44,c:29                                     
                                                                                                                  
                                                                                                                  
Scheduler report for : thread1                                                                                    
------------------------------                                                                                            
                                                                                                                  
Op                    SID(BB;Clocked)  Pipeline Stage  IS     SRCLOC                                              
--                    ---------------  --------------  --     ------                                              
                                                                                                                  
din.m_busy_req_0.res  3 (2:FALSE)      --              FALSE  @(f:dut.h,l:43,c:27->f:/opt/cadence/STRATUS172/sha  
                                                                                                                  
din.m_stalling.reset  3 (2:FALSE)      --              FALSE  @(f:dut.h,l:43,c:27->f:/opt/cadence/STRATUS172/sha  
                                                                                                                  
dout.m_req.m_trig_re  3 (2:FALSE)      --              FALSE  @(f:dut.h,l:44,c:29->f:/opt/cadence/STRATUS172/sha  
                                                                                                                  
mem.WE0.reset         3 (2:FALSE)      --              FALSE  @(f:dut.h,l:68,c:22->f:memlib/c_parts/RAM_64x8.h,l  
                                                                                                                  
mem.REQ0.reset        3 (2:FALSE)      --              FALSE  @(f:dut.h,l:68,c:22->f:memlib/c_parts/RAM_64x8.h,l  
                                                                                                                  
i                     4 (3:TRUE)       --              FALSE  @trimmed to 0:0: (f:dut.cc,l:44,c:11)               
                                                                                                                  
i                     6 (5:FALSE)      --              FALSE  dut.cc,l:44,c:11 -> c:28                            
                                                                                                                  
                      6 (5:FALSE)      --              FALSE  f:dut.cc,l:44,c:2                                   
                                                                                                                  
                      6 (5:FALSE)      --              FALSE  f:dut.cc,l:44,c:26                                  
                                                                                                                  
                      7 (5:TRUE)       --              FALSE  f:dut.cc,l:44,c:20                                  
                                                                                                                  
                      7 (5:TRUE)       --              FALSE  f:dut.cc,l:46,c:6                                   
                                                                                                                  
                      10 (8:FALSE)     --              FALSE  f:dut.cc,l:49,c:2                                   
                                                                                                                  
din.m_busy_req_0.get  11 (9:FALSE)     --              FALSE  @(f:dut.h,l:43,c:27->f:/opt/cadence/STRATUS172/sha  
                                                                                                                  
din                   13 (11:TRUE)     --              FALSE  dut.h,l:43,c:27                                     
                                                                                                                  
thread1.get           13 (11:TRUE)     --              FALSE  dut.cc,l:29,c:11 mapped                             
                                                                                                                  
din.m_busy_req_0.get  14 (12:FALSE)    --              FALSE  @(f:dut.h,l:43,c:27->f:/opt/cadence/STRATUS172/sha  
                                                                                                                  
din.data.get::nb_get  16 (14:FALSE)    --              FALSE  @(f:dut.h,l:43,c:27->f:/opt/cadence/STRATUS172/sha  
                                                                                                                  
trimmed               16 (14:FALSE)    --              FALSE  to 8:0: f:dut.cc,l:52,c:40                          
                                                                                                                  
                      18 (15:TRUE)     --              FALSE  f:dut.cc,l:52,c:24                                  
                                                                                                                  
                      19 (15:TRUE)     --              FALSE  f:dut.cc,l:52,c:35                                  
                                                                                                                  
operator+             19 (15:TRUE)     --              FALSE                                                      
                                                                                                                  
dout.data.put::nb_pu  20 (16:FALSE)    --              FALSE  @(f:dut.h,l:44,c:29->f:/opt/cadence/STRATUS172/sha  
                                                                                                                  
dout                  20 (16:FALSE)    --              FALSE  dut.h,l:44,c:29                                     
                                                                                                                  
dout.m_req.m_trig_re  20 (16:FALSE)    --              FALSE  @(f:dut.h,l:44,c:29->f:/opt/cadence/STRATUS172/sha  
                                                                                                                  
dout                  22 (18:TRUE)     --              FALSE  dut.h,l:44,c:29                                     
                                                                                                                  
thread1.put           22 (18:TRUE)     --              FALSE  dut.cc,l:29,c:11 mapped                             
                                                                                                                  
                                                                                                                  
