=========================================================
Scheduler report file
Generated by stratus_hls 17.20-p100  (88533.190925)
On:          Fri Nov 20 12:05:34 2020
Project Dir: /work/shared/users/phd/jl3952/tutorials/systemc/demo_add
Module:      dut
HLS Config:  BASIC
=========================================================
Scheduler report for : gen_unvalidated_req_0                                                                      
--------------------------------------------                                                                                            
                                                                                                                  
Op                    SID(BB;Clocked)  Pipeline Stage  IS     SRCLOC                                              
--                    ---------------  --------------  --     ------                                              
                                                                                                                  
din_1.gen_unvalidate  8 (7:FALSE)      --              FALSE  dut.h,l:41,c:27                                     
                                                                                                                  
din_1                 10 (9:FALSE)     --              FALSE  dut.h,l:41,c:27                                     
                                                                                                                  
din_1.gen_unvalidate  11 (10:TRUE)     --              FALSE  dut.h,l:41,c:27                                     
                                                                                                                  
din_1.gen_unvalidate  14 (13:FALSE)    --              FALSE  dut.h,l:41,c:27                                     
                                                                                                                  
din_1.gen_unvalidate  14 (13:FALSE)    --              FALSE  dut.h,l:41,c:27                                     
                                                                                                                  
din_1.gen_unvalidate  14 (13:FALSE)    --              FALSE  dut.h,l:41,c:27                                     
                                                                                                                  
din_1.gen_unvalidate  14 (13:FALSE)    --              FALSE  dut.h,l:41,c:27                                     
                                                                                                                  
                                                                                                                  
Scheduler report for : gen_unvalidated_req_1                                                                      
--------------------------------------------                                                                                            
                                                                                                                  
Op                    SID(BB;Clocked)  Pipeline Stage  IS     SRCLOC                                              
--                    ---------------  --------------  --     ------                                              
                                                                                                                  
din_2.gen_unvalidate  8 (7:FALSE)      --              FALSE  dut.h,l:42,c:27                                     
                                                                                                                  
din_2                 10 (9:FALSE)     --              FALSE  dut.h,l:42,c:27                                     
                                                                                                                  
din_2.gen_unvalidate  11 (10:TRUE)     --              FALSE  dut.h,l:42,c:27                                     
                                                                                                                  
din_2.gen_unvalidate  14 (13:FALSE)    --              FALSE  dut.h,l:42,c:27                                     
                                                                                                                  
din_2.gen_unvalidate  14 (13:FALSE)    --              FALSE  dut.h,l:42,c:27                                     
                                                                                                                  
din_2.gen_unvalidate  14 (13:FALSE)    --              FALSE  dut.h,l:42,c:27                                     
                                                                                                                  
din_2.gen_unvalidate  14 (13:FALSE)    --              FALSE  dut.h,l:42,c:27                                     
                                                                                                                  
                                                                                                                  
Scheduler report for : gen_prev_trig_reg_0                                                                        
------------------------------------------                                                                                            
                                                                                                                  
Op                    SID(BB;Clocked)  Pipeline Stage  IS     SRCLOC                                              
--                    ---------------  --------------  --     ------                                              
                                                                                                                  
dout.m_req.gen_prev_  6 (5:FALSE)      --              FALSE  dut.h,l:43,c:29                                     
                                                                                                                  
dout.m_req.gen_prev_  12 (11:FALSE)    --              FALSE  dut.h,l:43,c:29                                     
                                                                                                                  
dout.m_req.gen_prev_  12 (11:FALSE)    --              FALSE  dut.h,l:43,c:29                                     
                                                                                                                  
                                                                                                                  
Scheduler report for : gen_busy_0                                                                                 
---------------------------------                                                                                            
                                                                                                                  
Op                    SID(BB;Clocked)  Pipeline Stage  IS     SRCLOC                                              
--                    ---------------  --------------  --     ------                                              
                                                                                                                  
din_1.gen_busy.use_v  6 (5:FALSE)      --              FALSE  dut.h,l:41,c:27                                     
                                                                                                                  
din_1.gen_busy        6 (5:FALSE)      --              FALSE  dut.h,l:41,c:27                                     
                                                                                                                  
din_1.gen_busy        6 (5:FALSE)      --              FALSE  dut.h,l:41,c:27                                     
                                                                                                                  
din_1.gen_busy        6 (5:FALSE)      --              FALSE  dut.h,l:41,c:27                                     
                                                                                                                  
din_1.gen_busy        6 (5:FALSE)      --              FALSE  dut.h,l:41,c:27                                     
                                                                                                                  
din_1.gen_busy        6 (5:FALSE)      --              FALSE  dut.h,l:41,c:27                                     
                                                                                                                  
din_1.gen_busy        6 (5:FALSE)      --              FALSE  dut.h,l:41,c:27                                     
                                                                                                                  
din_1.gen_busy        6 (5:FALSE)      --              FALSE  dut.h,l:41,c:27                                     
                                                                                                                  
din_1.gen_busy        6 (5:FALSE)      --              FALSE  dut.h,l:41,c:27                                     
                                                                                                                  
din_1.gen_busy        6 (5:FALSE)      --              FALSE  dut.h,l:41,c:27                                     
                                                                                                                  
din_1.gen_busy        6 (5:FALSE)      --              FALSE  dut.h,l:41,c:27                                     
                                                                                                                  
din_1.gen_busy        6 (5:FALSE)      --              FALSE  dut.h,l:41,c:27                                     
                                                                                                                  
                                                                                                                  
Scheduler report for : gen_do_stall_reg_full_0                                                                    
----------------------------------------------                                                                                            
                                                                                                                  
Op                    SID(BB;Clocked)  Pipeline Stage  IS     SRCLOC                                              
--                    ---------------  --------------  --     ------                                              
                                                                                                                  
din_1.gen_do_stall_r  6 (5:FALSE)      --              FALSE  dut.h,l:41,c:27                                     
                                                                                                                  
din_1.gen_do_stall_r  12 (11:FALSE)    --              FALSE  dut.h,l:41,c:27                                     
                                                                                                                  
din_1.gen_do_stall_r  12 (11:FALSE)    --              FALSE  dut.h,l:41,c:27                                     
                                                                                                                  
din_1.gen_do_stall_r  12 (11:FALSE)    --              FALSE  dut.h,l:41,c:27                                     
                                                                                                                  
din_1.gen_do_stall_r  12 (11:FALSE)    --              FALSE  dut.h,l:41,c:27                                     
                                                                                                                  
                                                                                                                  
Scheduler report for : gen_do_reg_vld_0                                                                           
---------------------------------------                                                                                            
                                                                                                                  
Op                    SID(BB;Clocked)  Pipeline Stage  IS     SRCLOC                                              
--                    ---------------  --------------  --     ------                                              
                                                                                                                  
din_1.gen_do_reg_vld  8 (7:FALSE)      --              FALSE  dut.h,l:41,c:27                                     
                                                                                                                  
din_1                 10 (9:FALSE)     --              FALSE  dut.h,l:41,c:27                                     
                                                                                                                  
din_1.gen_do_reg_vld  11 (10:TRUE)     --              FALSE  dut.h,l:41,c:27                                     
                                                                                                                  
din_1.gen_do_reg_vld  14 (13:FALSE)    --              FALSE  dut.h,l:41,c:27                                     
                                                                                                                  
din_1.gen_do_reg_vld  14 (13:FALSE)    --              FALSE  dut.h,l:41,c:27                                     
                                                                                                                  
din_1.gen_do_reg_vld  14 (13:FALSE)    --              FALSE  dut.h,l:41,c:27                                     
                                                                                                                  
din_1.gen_do_reg_vld  14 (13:FALSE)    --              FALSE  dut.h,l:41,c:27                                     
                                                                                                                  
                                                                                                                  
Scheduler report for : gen_busy_1                                                                                 
---------------------------------                                                                                            
                                                                                                                  
Op                    SID(BB;Clocked)  Pipeline Stage  IS     SRCLOC                                              
--                    ---------------  --------------  --     ------                                              
                                                                                                                  
din_2.gen_busy.use_v  6 (5:FALSE)      --              FALSE  dut.h,l:42,c:27                                     
                                                                                                                  
din_2.gen_busy        6 (5:FALSE)      --              FALSE  dut.h,l:42,c:27                                     
                                                                                                                  
din_2.gen_busy        6 (5:FALSE)      --              FALSE  dut.h,l:42,c:27                                     
                                                                                                                  
din_2.gen_busy        6 (5:FALSE)      --              FALSE  dut.h,l:42,c:27                                     
                                                                                                                  
din_2.gen_busy        6 (5:FALSE)      --              FALSE  dut.h,l:42,c:27                                     
                                                                                                                  
din_2.gen_busy        6 (5:FALSE)      --              FALSE  dut.h,l:42,c:27                                     
                                                                                                                  
din_2.gen_busy        6 (5:FALSE)      --              FALSE  dut.h,l:42,c:27                                     
                                                                                                                  
din_2.gen_busy        6 (5:FALSE)      --              FALSE  dut.h,l:42,c:27                                     
                                                                                                                  
din_2.gen_busy        6 (5:FALSE)      --              FALSE  dut.h,l:42,c:27                                     
                                                                                                                  
din_2.gen_busy        6 (5:FALSE)      --              FALSE  dut.h,l:42,c:27                                     
                                                                                                                  
din_2.gen_busy        6 (5:FALSE)      --              FALSE  dut.h,l:42,c:27                                     
                                                                                                                  
din_2.gen_busy        6 (5:FALSE)      --              FALSE  dut.h,l:42,c:27                                     
                                                                                                                  
                                                                                                                  
Scheduler report for : gen_do_stall_reg_full_1                                                                    
----------------------------------------------                                                                                            
                                                                                                                  
Op                    SID(BB;Clocked)  Pipeline Stage  IS     SRCLOC                                              
--                    ---------------  --------------  --     ------                                              
                                                                                                                  
din_2.gen_do_stall_r  6 (5:FALSE)      --              FALSE  dut.h,l:42,c:27                                     
                                                                                                                  
din_2.gen_do_stall_r  12 (11:FALSE)    --              FALSE  dut.h,l:42,c:27                                     
                                                                                                                  
din_2.gen_do_stall_r  12 (11:FALSE)    --              FALSE  dut.h,l:42,c:27                                     
                                                                                                                  
din_2.gen_do_stall_r  12 (11:FALSE)    --              FALSE  dut.h,l:42,c:27                                     
                                                                                                                  
din_2.gen_do_stall_r  12 (11:FALSE)    --              FALSE  dut.h,l:42,c:27                                     
                                                                                                                  
                                                                                                                  
Scheduler report for : gen_do_reg_vld_1                                                                           
---------------------------------------                                                                                            
                                                                                                                  
Op                    SID(BB;Clocked)  Pipeline Stage  IS     SRCLOC                                              
--                    ---------------  --------------  --     ------                                              
                                                                                                                  
din_2.gen_do_reg_vld  8 (7:FALSE)      --              FALSE  dut.h,l:42,c:27                                     
                                                                                                                  
din_2                 10 (9:FALSE)     --              FALSE  dut.h,l:42,c:27                                     
                                                                                                                  
din_2.gen_do_reg_vld  11 (10:TRUE)     --              FALSE  dut.h,l:42,c:27                                     
                                                                                                                  
din_2.gen_do_reg_vld  14 (13:FALSE)    --              FALSE  dut.h,l:42,c:27                                     
                                                                                                                  
din_2.gen_do_reg_vld  14 (13:FALSE)    --              FALSE  dut.h,l:42,c:27                                     
                                                                                                                  
din_2.gen_do_reg_vld  14 (13:FALSE)    --              FALSE  dut.h,l:42,c:27                                     
                                                                                                                  
din_2.gen_do_reg_vld  14 (13:FALSE)    --              FALSE  dut.h,l:42,c:27                                     
                                                                                                                  
                                                                                                                  
Scheduler report for : gen_active_0                                                                               
-----------------------------------                                                                                            
                                                                                                                  
Op                    SID(BB;Clocked)  Pipeline Stage  IS     SRCLOC                                              
--                    ---------------  --------------  --     ------                                              
                                                                                                                  
dout.m_req.gen_activ  4 (3:FALSE)      --              FALSE  dut.h,l:43,c:29                                     
                                                                                                                  
dout.m_req.gen_activ  4 (3:FALSE)      --              FALSE  dut.h,l:43,c:29                                     
                                                                                                                  
dout.m_req.gen_activ  4 (3:FALSE)      --              FALSE  dut.h,l:43,c:29                                     
                                                                                                                  
dout.m_req.gen_activ  4 (3:FALSE)      --              FALSE  dut.h,l:43,c:29                                     
                                                                                                                  
                                                                                                                  
Scheduler report for : gen_vld_0                                                                                  
--------------------------------                                                                                            
                                                                                                                  
Op                    SID(BB;Clocked)  Pipeline Stage  IS     SRCLOC                                              
--                    ---------------  --------------  --     ------                                              
                                                                                                                  
dout.gen_vld          4 (3:FALSE)      --              FALSE  dut.h,l:43,c:29                                     
                                                                                                                  
dout.gen_vld          4 (3:FALSE)      --              FALSE  dut.h,l:43,c:29                                     
                                                                                                                  
dout.gen_vld          4 (3:FALSE)      --              FALSE  dut.h,l:43,c:29                                     
                                                                                                                  
dout.gen_vld          4 (3:FALSE)      --              FALSE  dut.h,l:43,c:29                                     
                                                                                                                  
                                                                                                                  
Scheduler report for : gen_stalling_0                                                                             
-------------------------------------                                                                                            
                                                                                                                  
Op                    SID(BB;Clocked)  Pipeline Stage  IS     SRCLOC                                              
--                    ---------------  --------------  --     ------                                              
                                                                                                                  
dout.gen_stalling     4 (3:FALSE)      --              FALSE  dut.h,l:43,c:29                                     
                                                                                                                  
dout.gen_stalling     5 (4:TRUE)       --              FALSE  dut.h,l:43,c:29                                     
                                                                                                                  
dout.gen_stalling     6 (5:FALSE)      --              FALSE  dut.h,l:43,c:29                                     
                                                                                                                  
dout.gen_stalling     6 (5:FALSE)      --              FALSE  dut.h,l:43,c:29                                     
                                                                                                                  
dout.gen_stalling     6 (5:FALSE)      --              FALSE  dut.h,l:43,c:29                                     
                                                                                                                  
                                                                                                                  
Scheduler report for : gen_unacked_req_0                                                                          
----------------------------------------                                                                                            
                                                                                                                  
Op                    SID(BB;Clocked)  Pipeline Stage  IS     SRCLOC                                              
--                    ---------------  --------------  --     ------                                              
                                                                                                                  
dout.gen_unacked_req  6 (5:FALSE)      --              FALSE  dut.h,l:43,c:29                                     
                                                                                                                  
dout.gen_unacked_req  12 (11:FALSE)    --              FALSE  dut.h,l:43,c:29                                     
                                                                                                                  
dout.gen_unacked_req  12 (11:FALSE)    --              FALSE  dut.h,l:43,c:29                                     
                                                                                                                  
                                                                                                                  
Scheduler report for : gen_next_trig_reg_0                                                                        
------------------------------------------                                                                                            
                                                                                                                  
Op                    SID(BB;Clocked)  Pipeline Stage  IS     SRCLOC                                              
--                    ---------------  --------------  --     ------                                              
                                                                                                                  
dout.m_req.gen_next_  3 (2:TRUE)       --              FALSE  dut.h,l:43,c:29                                     
                                                                                                                  
dout.m_req.gen_next_  3 (2:TRUE)       --              FALSE  dut.h,l:43,c:29                                     
                                                                                                                  
dout.m_req.gen_next_  3 (2:TRUE)       --              FALSE  dut.h,l:43,c:29                                     
                                                                                                                  
                                                                                                                  
Scheduler report for : thread1                                                                                    
------------------------------                                                                                            
                                                                                                                  
Op                    SID(BB;Clocked)  Pipeline Stage  IS     SRCLOC                                              
--                    ---------------  --------------  --     ------                                              
                                                                                                                  
din_1.m_busy_req_0.r  3 (2:FALSE)      --              FALSE  @(f:dut.h,l:41,c:27->f:/opt/cadence/STRATUS172/sha  
                                                                                                                  
din_1.m_stalling.res  3 (2:FALSE)      --              FALSE  @(f:dut.h,l:41,c:27->f:/opt/cadence/STRATUS172/sha  
                                                                                                                  
din_2.m_busy_req_0.r  3 (2:FALSE)      --              FALSE  @(f:dut.h,l:42,c:27->f:/opt/cadence/STRATUS172/sha  
                                                                                                                  
din_2.m_stalling.res  3 (2:FALSE)      --              FALSE  @(f:dut.h,l:42,c:27->f:/opt/cadence/STRATUS172/sha  
                                                                                                                  
dout.m_req.m_trig_re  3 (2:FALSE)      --              FALSE  @(f:dut.h,l:43,c:29->f:/opt/cadence/STRATUS172/sha  
                                                                                                                  
i                     5 (4:FALSE)      --              FALSE  @trimmed to 0:0: (f:dut.cc,l:43,c:17)               
                                                                                                                  
i                     6 (5:FALSE)      --              FALSE  dut.cc,l:43,c:17 -> c:32                            
                                                                                                                  
                      6 (5:FALSE)      --              FALSE  f:dut.cc,l:43,c:33                                  
                                                                                                                  
din_1.m_busy_req_0.g  7 (6:FALSE)      --              FALSE  @(f:dut.h,l:41,c:27->f:/opt/cadence/STRATUS172/sha  
                                                                                                                  
din_1                 9 (8:TRUE)       --              FALSE  dut.h,l:41,c:27                                     
                                                                                                                  
thread1.get           9 (8:TRUE)       --              FALSE  dut.cc,l:29,c:11 mapped                             
                                                                                                                  
din_1.m_busy_req_0.g  10 (9:FALSE)     --              FALSE  @(f:dut.h,l:41,c:27->f:/opt/cadence/STRATUS172/sha  
                                                                                                                  
din_1.data.get::nb_g  12 (11:FALSE)    --              FALSE  @(f:dut.h,l:41,c:27->f:/opt/cadence/STRATUS172/sha  
                                                                                                                  
din_2.m_busy_req_0.g  13 (12:FALSE)    --              FALSE  @(f:dut.h,l:42,c:27->f:/opt/cadence/STRATUS172/sha  
                                                                                                                  
din_2                 15 (14:TRUE)     --              FALSE  dut.h,l:42,c:27                                     
                                                                                                                  
thread1.get           15 (14:TRUE)     --              FALSE  dut.cc,l:29,c:11 mapped                             
                                                                                                                  
din_2.m_busy_req_0.g  16 (15:FALSE)    --              FALSE  @(f:dut.h,l:42,c:27->f:/opt/cadence/STRATUS172/sha  
                                                                                                                  
din_2.data.get::nb_g  18 (17:FALSE)    --              FALSE  @(f:dut.h,l:42,c:27->f:/opt/cadence/STRATUS172/sha  
                                                                                                                  
                      18 (17:FALSE)    --              FALSE  f:dut.cc,l:46,c:32                                  
                                                                                                                  
dout.data.put::nb_pu  20 (19:FALSE)    --              FALSE  @(f:dut.h,l:43,c:29->f:/opt/cadence/STRATUS172/sha  
                                                                                                                  
dout                  20 (19:FALSE)    --              FALSE  dut.h,l:43,c:29                                     
                                                                                                                  
dout.m_req.m_trig_re  20 (19:FALSE)    --              FALSE  @(f:dut.h,l:43,c:29->f:/opt/cadence/STRATUS172/sha  
                                                                                                                  
dout                  22 (21:TRUE)     --              FALSE  dut.h,l:43,c:29                                     
                                                                                                                  
thread1.put           22 (21:TRUE)     --              FALSE  dut.cc,l:29,c:11 mapped                             
                                                                                                                  
                      22 (21:TRUE)     --              FALSE  f:dut.cc,l:43,c:26                                  
                                                                                                                  
                                                                                                                  
