Generating dependencies for system config TLM of tb.cc
Generating dependencies for system config TLM of main.cc
/opt/cadence/STRATUS172/bin/bdw_shell /opt/cadence/STRATUS172/share/stratus/tcl/bdw_siminfo.tcl project.tcl T
/opt/cadence/STRATUS172/tools.lnx86/stratus/gcc/4.8/bin/g++  -Ibdw_work/modules/main/TLM -I./ -I./ -Ibdw_work/wrappers    -DioConfig_TLM -D_p_ioConfig_TLM -DioConfig=TLM -D_wrap_ioConfig=TLM  -c -g -DCLOCK_PERIOD=5.0   -fPIC  -I/opt/cadence/STRATUS172/share/stratus/include -I/opt/cadence/STRATUS172/tools.lnx86/stratus/systemc/2.3/include -g -DBDW_HUB=1    -DBDW_USE_SCV=0 -o bdw_work/modules/main/TLM/main.o  main.cc
/opt/cadence/STRATUS172/tools.lnx86/stratus/gcc/4.8/bin/g++  -Ibdw_work/modules/tb/TLM -I./ -I./ -Ibdw_work/wrappers    -DioConfig_TLM -D_p_ioConfig_TLM -DioConfig=TLM -D_wrap_ioConfig=TLM  -c -g -DCLOCK_PERIOD=5.0   -fPIC  -I/opt/cadence/STRATUS172/share/stratus/include -I/opt/cadence/STRATUS172/tools.lnx86/stratus/systemc/2.3/include -g -DBDW_HUB=1    -DBDW_USE_SCV=0 -o bdw_work/modules/tb/TLM/tb.o  tb.cc
/opt/cadence/STRATUS172/tools.lnx86/stratus/gcc/4.8/bin/g++ -TP -I./ -Ibdw_work/wrappers    -c -g -DCLOCK_PERIOD=5.0   -fPIC  -I/opt/cadence/STRATUS172/share/stratus/include -I/opt/cadence/STRATUS172/tools.lnx86/stratus/systemc/2.3/include -g -DBDW_HUB=1    -DBDW_USE_SCV=0 -o bdw_work/libesc/esc_utils.o /opt/cadence/STRATUS172/share/stratus/source/esc_utils.cc
/opt/cadence/STRATUS172/tools.lnx86/stratus/gcc/4.8/bin/g++ -TP -I./ -Ibdw_work/wrappers    -c -g -DCLOCK_PERIOD=5.0   -fPIC  -I/opt/cadence/STRATUS172/share/stratus/include -I/opt/cadence/STRATUS172/tools.lnx86/stratus/systemc/2.3/include -g -DBDW_HUB=1    -DBDW_USE_SCV=0 -o bdw_work/libesc/esc_hub.o /opt/cadence/STRATUS172/share/stratus/source/esc_hub.cc
/opt/cadence/STRATUS172/tools.lnx86/stratus/gcc/4.8/bin/g++ -TP -I./ -Ibdw_work/wrappers    -c -g -DCLOCK_PERIOD=5.0   -fPIC  -I/opt/cadence/STRATUS172/share/stratus/include -I/opt/cadence/STRATUS172/tools.lnx86/stratus/systemc/2.3/include -g -DBDW_HUB=1    -DBDW_USE_SCV=0 -o bdw_work/libesc/esc_cosim.o /opt/cadence/STRATUS172/share/stratus/source/esc_cosim.cc
/opt/cadence/STRATUS172/tools.lnx86/stratus/gcc/4.8/bin/g++ -TP -I./ -Ibdw_work/wrappers    -c -g -DCLOCK_PERIOD=5.0   -fPIC  -I/opt/cadence/STRATUS172/share/stratus/include -I/opt/cadence/STRATUS172/tools.lnx86/stratus/systemc/2.3/include -g -DBDW_HUB=1    -DBDW_USE_SCV=0 -o bdw_work/libesc/esc_type.o /opt/cadence/STRATUS172/share/stratus/source/esc_type.cc
/opt/cadence/STRATUS172/tools.lnx86/stratus/gcc/4.8/bin/g++ -TP -I./ -Ibdw_work/wrappers    -c -g -DCLOCK_PERIOD=5.0   -fPIC  -I/opt/cadence/STRATUS172/share/stratus/include -I/opt/cadence/STRATUS172/tools.lnx86/stratus/systemc/2.3/include -g -DBDW_HUB=1    -DBDW_USE_SCV=0 -o bdw_work/libesc/esc_elab.o /opt/cadence/STRATUS172/share/stratus/source/esc_elab.cc
/opt/cadence/STRATUS172/tools.lnx86/stratus/gcc/4.8/bin/g++ -TP -I./ -Ibdw_work/wrappers    -c -g -DCLOCK_PERIOD=5.0   -fPIC  -I/opt/cadence/STRATUS172/share/stratus/include -I/opt/cadence/STRATUS172/tools.lnx86/stratus/systemc/2.3/include -g -DBDW_HUB=1    -DBDW_USE_SCV=0 -o bdw_work/libesc/esc_cleanup.o /opt/cadence/STRATUS172/share/stratus/source/esc_cleanup.cc
/opt/cadence/STRATUS172/tools.lnx86/stratus/gcc/4.8/bin/g++ -TP -I./ -Ibdw_work/wrappers    -c -g -DCLOCK_PERIOD=5.0   -fPIC  -I/opt/cadence/STRATUS172/share/stratus/include -I/opt/cadence/STRATUS172/tools.lnx86/stratus/systemc/2.3/include -g -DBDW_HUB=1    -DBDW_USE_SCV=0 -o bdw_work/libesc/esc_watcher.o /opt/cadence/STRATUS172/share/stratus/source/esc_watcher.cc
/opt/cadence/STRATUS172/tools.lnx86/stratus/gcc/4.1/bin/ar r  bdw_work/libesc/libesc.a bdw_work/libesc/esc_utils.o bdw_work/libesc/esc_hub.o bdw_work/libesc/esc_cosim.o bdw_work/libesc/esc_type.o bdw_work/libesc/esc_elab.o bdw_work/libesc/esc_cleanup.o bdw_work/libesc/esc_watcher.o
ar: creating bdw_work/libesc/libesc.a
/opt/cadence/STRATUS172/tools.lnx86/stratus/gcc/4.8/bin/g++ -Wl,--export-dynamic -g  \
        -Wl,-rpath,/opt/cadence/STRATUS172/tools.lnx86/stratus/lib/64bit \
        -Wl,-rpath,/opt/cadence/STRATUS172/tools.lnx86/lib/64bit \
        -Wl,-rpath,/opt/cadence/STRATUS172/tools.lnx86/stratus/systemc/2.3/lib-linux64_debug \
	-o bdw_work/sims/T/sim_T \
	bdw_work/modules/dut/TLM/dut.o bdw_work/modules/main/TLM/main.o bdw_work/modules/tb/TLM/tb.o  \
	 \
	 \
        bdw_work/libesc/libesc.a \
	 \
	-L /opt/cadence/STRATUS172/tools.lnx86/lib/64bit -L /opt/cadence/STRATUS172/tools.lnx86/stratus/lib/64bit  -L /opt/cadence/STRATUS172/tools.lnx86/stratus/systemc/2.3/lib-linux64_debug -lscv -lsystemc  -lhubexec -lhub  -lbdw_st 
Executing simulation: bdw_work/sims/T/sim_T  


             SystemC 2.3.0-ASI --- Feb  9 2017 16:02:08
        Copyright (c) 1996-2012 by all Contributors,
        ALL RIGHTS RESERVED

NOTE: Cadence Design Systems Hub Simulation Platform : version 17.20-p100
Note: VCD trace timescale unit is set by user to 1.000000e-12 sec.
Testbench sink thread read 5000000 values. Average latency 2.
SIMULATION PASSED

Info: /OSCI/SystemC: Simulation stopped by user.
BDW_SIM_CONFIG_DIR=bdw_work/sims/T make cmp_result 2>&1 | tee -a bdw_work/sims/T/bdw_sim.log
****************************************
Thu Nov 19 10:15:20 EST 2020
ERROR: Simulation output doesn't exist
for T Simulation...
  T: SIMULATION FAILED
****************************************
