Generating dependencies for system config PIN of tb.cc
Generating dependencies for system config PIN of main.cc
/opt/cadence/STRATUS172/bin/bdw_shell /opt/cadence/STRATUS172/share/stratus/tcl/bdw_siminfo.tcl project.tcl B
/opt/cadence/STRATUS172/tools.lnx86/stratus/gcc/4.8/bin/g++  -Ibdw_work/modules/main/PIN -I./ -I./ -Ibdw_work/wrappers    -DioConfig_PIN -D_p_ioConfig_PIN -DioConfig=PIN -D_wrap_ioConfig=PIN  -c -g -DCLOCK_PERIOD=5.0   -fPIC  -I/opt/cadence/STRATUS172/share/stratus/include -I/opt/cadence/STRATUS172/tools.lnx86/stratus/systemc/2.3/include -g -DBDW_HUB=1    -DBDW_USE_SCV=0 -o bdw_work/modules/main/PIN/main.o  main.cc
/opt/cadence/STRATUS172/tools.lnx86/stratus/gcc/4.8/bin/g++  -Ibdw_work/modules/tb/PIN -I./ -I./ -Ibdw_work/wrappers    -DioConfig_PIN -D_p_ioConfig_PIN -DioConfig=PIN -D_wrap_ioConfig=PIN  -c -g -DCLOCK_PERIOD=5.0   -fPIC  -I/opt/cadence/STRATUS172/share/stratus/include -I/opt/cadence/STRATUS172/tools.lnx86/stratus/systemc/2.3/include -g -DBDW_HUB=1    -DBDW_USE_SCV=0 -o bdw_work/modules/tb/PIN/tb.o  tb.cc
/opt/cadence/STRATUS172/tools.lnx86/stratus/gcc/4.8/bin/g++ -Wl,--export-dynamic -g  \
        -Wl,-rpath,/opt/cadence/STRATUS172/tools.lnx86/stratus/lib/64bit \
        -Wl,-rpath,/opt/cadence/STRATUS172/tools.lnx86/lib/64bit \
        -Wl,-rpath,/opt/cadence/STRATUS172/tools.lnx86/stratus/systemc/2.3/lib-linux64_debug \
	-o bdw_work/sims/B/sim_B \
	bdw_work/modules/dut/PIN/dut.o bdw_work/modules/main/PIN/main.o bdw_work/modules/tb/PIN/tb.o  \
	 \
	 \
        bdw_work/libesc/libesc.a \
	 \
	-L /opt/cadence/STRATUS172/tools.lnx86/lib/64bit -L /opt/cadence/STRATUS172/tools.lnx86/stratus/lib/64bit  -L /opt/cadence/STRATUS172/tools.lnx86/stratus/systemc/2.3/lib-linux64_debug -lscv -lsystemc  -lhubexec -lhub  -lbdw_st 
Executing simulation: bdw_work/sims/B/sim_B  


             SystemC 2.3.0-ASI --- Feb  9 2017 16:02:08
        Copyright (c) 1996-2012 by all Contributors,
        ALL RIGHTS RESERVED

NOTE: Cadence Design Systems Hub Simulation Platform : version 17.20-p100
Note: VCD trace timescale unit is set by user to 1.000000e-12 sec.
Testbench sink thread read 5000000 values. Average latency 2.
SIMULATION PASSED

Info: /OSCI/SystemC: Simulation stopped by user.
BDW_SIM_CONFIG_DIR=bdw_work/sims/B make cmp_result 2>&1 | tee -a bdw_work/sims/B/bdw_sim.log
****************************************
Thu Nov 19 10:15:57 EST 2020
ERROR: Simulation output doesn't exist
for B Simulation...
  B: SIMULATION FAILED
****************************************
