irun(64): 15.20-s016: (c) Copyright 1995-2016 Cadence Design Systems, Inc.
TOOL:	irun(64)	15.20-s016: Started on Nov 17, 2020 at 14:08:01 EST
irun
	+nc64bit
	+incdir+/opt/cadence/STRATUS172/tools.lnx86/stratus/lib
	+incdir+bdw_work/wrappers
	+access+rw
	+loadpli1=/opt/cadence/STRATUS172/tools.lnx86/stratus/lib/64bit/ncvlog_ssl:ssl_bootstrap
	-f bdw_work/sims/MEM_V/siminfo
		bdw_work/sims/top_MEM_V.v
		bdw_work/wrappers/dut_cosim.v
		bdw_work/modules/dut/MEM/dut_rtl.v
		bdw_work/libs/memlib/v_rtl/RAM_64x8.v
		-y bdw_work/libs/memlib/v_rtl
	+ncinput+bdw_work/sims/MEM_V/ncverilog.do
	+nclibdirname+bdw_work/sims/MEM_V
	+libext+.v
	+define+ioConfig
	+define+BDW_RTL_dut_MEM
	+nowarn+LIBNOU
	+hubSetOption+libdef=bdw_work/sims/MEM_V/sim_MEM_V.so
	+hubSetOption+bdr=bdw_work/sims/MEM_V/sim.bdr
	-l bdw_work/sims/MEM_V/bdw_sim_verilog.log

   User defined plus("+") options:
	+hubSetOption+libdef=bdw_work/sims/MEM_V/sim_MEM_V.so
	+hubSetOption+bdr=bdw_work/sims/MEM_V/sim.bdr

file: bdw_work/sims/top_MEM_V.v
	module worklib.top:v
		errors: 0, warnings: 0
file: bdw_work/wrappers/dut_cosim.v
	module worklib.dut_cosim:v
		errors: 0, warnings: 0
file: bdw_work/modules/dut/MEM/dut_rtl.v
	module worklib.dut:v
		errors: 0, warnings: 0
file: bdw_work/libs/memlib/v_rtl/RAM_64x8.v
	module worklib.RAM_64x8:v
		errors: 0, warnings: 0
ncvlog: *W,SPDUSD: Include directory bdw_work/wrappers given but not used.
	Total errors/warnings found outside modules and primitives:
		errors: 0, warnings: 1
*** Registering Hub PLI1.0 Interface***
		Caching library 'worklib' ....... Done
	Elaborating the design hierarchy:
	Top level design units:
		top
	Building instance overlay tables: .................... Done
	Generating native compiled code:
		worklib.RAM_64x8:v <0x0fb24f8d>
			streams:   2, words:   583
		worklib.dut:v <0x5b5a6b9e>
			streams:  32, words: 11716
		worklib.top:v <0x4ec25081>
			streams: 114, words: 98503
	Building instance specific data structures.
	Loading native compiled code:     .................... Done
	Design hierarchy summary:
		                 Instances  Unique
		Modules:                 4       4
		Registers:             141     141
		Scalar wires:           17       -
		Vectored wires:          8       -
		Always blocks:          25      25
		Initial blocks:          7       7
		Cont. assignments:       9      17
		Pseudo assignments:      7       7
		Simulation timescale:  1ps
	Writing initial simulation snapshot: worklib.top:v
Loading snapshot worklib.top:v .................... Done
*** Registering Hub PLI1.0 Interface***
ncsim> source /opt/cadence/INCISIVE152/tools/inca/files/ncsimrc
ncsim> 
ncsim> run
NOTE: Cadence Design Systems Hub Simulation Platform : version 17.20-p100
Simulation stopped via $stop(1) at time 555100 PS + 0
./bdw_work/sims/top_MEM_V.v:63 		#100 $stop;
ncsim> quit
TOOL:	irun(64)	15.20-s016: Exiting on Nov 17, 2020 at 14:08:02 EST  (total: 00:00:01)
