irun(64): 15.20-s016: (c) Copyright 1995-2016 Cadence Design Systems, Inc.
TOOL:	irun(64)	15.20-s016: Started on Nov 17, 2020 at 14:07:35 EST
irun
	+nc64bit
	+incdir+/opt/cadence/STRATUS172/tools.lnx86/stratus/lib
	+incdir+bdw_work/wrappers
	+access+rw
	+loadpli1=/opt/cadence/STRATUS172/tools.lnx86/stratus/lib/64bit/ncvlog_ssl:ssl_bootstrap
	-f bdw_work/sims/FLAT_V/siminfo
		bdw_work/sims/top_FLAT_V.v
		bdw_work/wrappers/dut_cosim.v
		bdw_work/modules/dut/FLAT/dut_rtl.v
		-y bdw_work/libs/memlib/v_rtl
	+ncinput+bdw_work/sims/FLAT_V/ncverilog.do
	+nclibdirname+bdw_work/sims/FLAT_V
	+libext+.v
	+define+ioConfig
	+define+BDW_RTL_dut_FLAT
	+nowarn+LIBNOU
	+hubSetOption+libdef=bdw_work/sims/FLAT_V/sim_FLAT_V.so
	+hubSetOption+bdr=bdw_work/sims/FLAT_V/sim.bdr
	-l bdw_work/sims/FLAT_V/bdw_sim_verilog.log

   User defined plus("+") options:
	+hubSetOption+libdef=bdw_work/sims/FLAT_V/sim_FLAT_V.so
	+hubSetOption+bdr=bdw_work/sims/FLAT_V/sim.bdr

file: bdw_work/sims/top_FLAT_V.v
	module worklib.top:v
		errors: 0, warnings: 0
file: bdw_work/wrappers/dut_cosim.v
	module worklib.dut_cosim:v
		errors: 0, warnings: 0
file: bdw_work/modules/dut/FLAT/dut_rtl.v
	module worklib.dut:v
		errors: 0, warnings: 0
ncvlog: *W,SPDUSD: Include directory bdw_work/wrappers given but not used.
	Total errors/warnings found outside modules and primitives:
		errors: 0, warnings: 1
*** Registering Hub PLI1.0 Interface***
		Caching library 'worklib' ....... Done
	Elaborating the design hierarchy:
	Top level design units:
		top
	Building instance overlay tables: .................... Done
	Generating native compiled code:
		worklib.dut:v <0x03cf82cd>
			streams: 175, words: 94435
		worklib.top:v <0x79001275>
			streams: 114, words: 98503
	Building instance specific data structures.
	Loading native compiled code:     .................... Done
	Design hierarchy summary:
		                 Instances  Unique
		Modules:                 3       3
		Registers:             267     267
		Scalar wires:           80       -
		Vectored wires:          6       -
		Always blocks:         152     152
		Initial blocks:          7       7
		Cont. assignments:      11      81
		Pseudo assignments:      5       5
		Simulation timescale:  1ps
	Writing initial simulation snapshot: worklib.top:v
Loading snapshot worklib.top:v .................... Done
*** Registering Hub PLI1.0 Interface***
ncsim> source /opt/cadence/INCISIVE152/tools/inca/files/ncsimrc
ncsim> 
ncsim> run
NOTE: Cadence Design Systems Hub Simulation Platform : version 17.20-p100
Simulation stopped via $stop(1) at time 20280100 PS + 0
./bdw_work/sims/top_FLAT_V.v:63 		#100 $stop;
ncsim> quit
TOOL:	irun(64)	15.20-s016: Exiting on Nov 17, 2020 at 14:07:36 EST  (total: 00:00:01)
