=========================================================
Scheduler report file
Generated by stratus_hls 17.20-p100  (88533.190925)
On:          Thu Nov 19 00:45:39 2020
Project Dir: /work/shared/users/phd/jl3952/tutorials/systemc/stratus_examples/lab_pipelining
Module:      dut
HLS Config:  II2
=========================================================
Scheduler report for : gen_unvalidated_req_0                                                                      
--------------------------------------------                                                                                            
                                                                                                                  
Op                    SID(BB;Clocked)  Pipeline Stage  IS     SRCLOC                                              
--                    ---------------  --------------  --     ------                                              
                                                                                                                  
din.gen_unvalidated_  8 (7:FALSE)      --              FALSE  dut.h,l:46,c:30                                     
                                                                                                                  
din                   10 (9:FALSE)     --              FALSE  dut.h,l:46,c:30                                     
                                                                                                                  
din.gen_unvalidated_  11 (10:TRUE)     --              FALSE  dut.h,l:46,c:30                                     
                                                                                                                  
din.gen_unvalidated_  14 (13:FALSE)    --              FALSE  dut.h,l:46,c:30                                     
                                                                                                                  
din.gen_unvalidated_  14 (13:FALSE)    --              FALSE  dut.h,l:46,c:30                                     
                                                                                                                  
din.gen_unvalidated_  14 (13:FALSE)    --              FALSE  dut.h,l:46,c:30                                     
                                                                                                                  
din.gen_unvalidated_  14 (13:FALSE)    --              FALSE  dut.h,l:46,c:30                                     
                                                                                                                  
                                                                                                                  
Scheduler report for : gen_prev_trig_reg_0                                                                        
------------------------------------------                                                                                            
                                                                                                                  
Op                    SID(BB;Clocked)  Pipeline Stage  IS     SRCLOC                                              
--                    ---------------  --------------  --     ------                                              
                                                                                                                  
dout.m_req.gen_prev_  6 (5:FALSE)      --              FALSE  dut.h,l:47,c:31                                     
                                                                                                                  
dout.m_req.gen_prev_  12 (11:FALSE)    --              FALSE  dut.h,l:47,c:31                                     
                                                                                                                  
dout.m_req.gen_prev_  12 (11:FALSE)    --              FALSE  dut.h,l:47,c:31                                     
                                                                                                                  
                                                                                                                  
Scheduler report for : gen_busy_0                                                                                 
---------------------------------                                                                                            
                                                                                                                  
Op                    SID(BB;Clocked)  Pipeline Stage  IS     SRCLOC                                              
--                    ---------------  --------------  --     ------                                              
                                                                                                                  
din.gen_busy.use_vld  6 (5:FALSE)      --              FALSE  dut.h,l:46,c:30                                     
                                                                                                                  
din.gen_busy          6 (5:FALSE)      --              FALSE  dut.h,l:46,c:30                                     
                                                                                                                  
din.gen_busy          6 (5:FALSE)      --              FALSE  dut.h,l:46,c:30                                     
                                                                                                                  
din.gen_busy          6 (5:FALSE)      --              FALSE  dut.h,l:46,c:30                                     
                                                                                                                  
din.gen_busy          6 (5:FALSE)      --              FALSE  dut.h,l:46,c:30                                     
                                                                                                                  
din.gen_busy          6 (5:FALSE)      --              FALSE  dut.h,l:46,c:30                                     
                                                                                                                  
din.gen_busy          6 (5:FALSE)      --              FALSE  dut.h,l:46,c:30                                     
                                                                                                                  
din.gen_busy          6 (5:FALSE)      --              FALSE  dut.h,l:46,c:30                                     
                                                                                                                  
din.gen_busy          6 (5:FALSE)      --              FALSE  dut.h,l:46,c:30                                     
                                                                                                                  
din.gen_busy          6 (5:FALSE)      --              FALSE  dut.h,l:46,c:30                                     
                                                                                                                  
din.gen_busy          6 (5:FALSE)      --              FALSE  dut.h,l:46,c:30                                     
                                                                                                                  
din.gen_busy          6 (5:FALSE)      --              FALSE  dut.h,l:46,c:30                                     
                                                                                                                  
din.gen_busy          6 (5:FALSE)      --              FALSE  dut.h,l:46,c:30                                     
                                                                                                                  
din.gen_busy          6 (5:FALSE)      --              FALSE  dut.h,l:46,c:30                                     
                                                                                                                  
din.gen_busy          6 (5:FALSE)      --              FALSE  dut.h,l:46,c:30                                     
                                                                                                                  
din.gen_busy          6 (5:FALSE)      --              FALSE  dut.h,l:46,c:30                                     
                                                                                                                  
                                                                                                                  
Scheduler report for : gen_do_stall_reg_0                                                                         
-----------------------------------------                                                                                            
                                                                                                                  
Op                    SID(BB;Clocked)  Pipeline Stage  IS     SRCLOC                                              
--                    ---------------  --------------  --     ------                                              
                                                                                                                  
din.h                 4 (3:FALSE)      --              FALSE  dut.h,l:46,c:30 -> f:input_t.h,l:38,c:16            
                                                                                                                  
din.h                 4 (3:FALSE)      --              FALSE  dut.h,l:46,c:30 -> f:input_t.h,l:38,c:16            
                                                                                                                  
din.h                 4 (3:FALSE)      --              FALSE  dut.h,l:46,c:30 -> f:input_t.h,l:38,c:16            
                                                                                                                  
din.h                 4 (3:FALSE)      --              FALSE  dut.h,l:46,c:30 -> f:input_t.h,l:38,c:16            
                                                                                                                  
din.h                 4 (3:FALSE)      --              FALSE  dut.h,l:46,c:30 -> f:input_t.h,l:38,c:16            
                                                                                                                  
din.h                 4 (3:FALSE)      --              FALSE  dut.h,l:46,c:30 -> f:input_t.h,l:38,c:16            
                                                                                                                  
din.h                 4 (3:FALSE)      --              FALSE  dut.h,l:46,c:30 -> f:input_t.h,l:38,c:16            
                                                                                                                  
din.h                 4 (3:FALSE)      --              FALSE  dut.h,l:46,c:30 -> f:input_t.h,l:38,c:16            
                                                                                                                  
din.gen_do_stall_reg  5 (4:TRUE)       --              FALSE  dut.h,l:46,c:30                                     
                                                                                                                  
din.gen_do_stall_reg  5 (4:TRUE)       --              FALSE  dut.h,l:46,c:30                                     
                                                                                                                  
din.gen_do_stall_reg  5 (4:TRUE)       --              FALSE  dut.h,l:46,c:30                                     
                                                                                                                  
din.gen_do_stall_reg  5 (4:TRUE)       --              FALSE  dut.h,l:46,c:30                                     
                                                                                                                  
din.gen_do_stall_reg  5 (4:TRUE)       --              FALSE  dut.h,l:46,c:30                                     
                                                                                                                  
din.gen_do_stall_reg  5 (4:TRUE)       --              FALSE  dut.h,l:46,c:30                                     
                                                                                                                  
din.gen_do_stall_reg  5 (4:TRUE)       --              FALSE  dut.h,l:46,c:30                                     
                                                                                                                  
din.gen_do_stall_reg  5 (4:TRUE)       --              FALSE  dut.h,l:46,c:30                                     
                                                                                                                  
din.gen_do_stall_reg  8 (7:FALSE)      --              FALSE  dut.h,l:46,c:30                                     
                                                                                                                  
din.gen_do_stall_reg  8 (7:FALSE)      --              FALSE  dut.h,l:46,c:30                                     
                                                                                                                  
din.gen_do_stall_reg  8 (7:FALSE)      --              FALSE  dut.h,l:46,c:30                                     
                                                                                                                  
din.gen_do_stall_reg  8 (7:FALSE)      --              FALSE  dut.h,l:46,c:30                                     
                                                                                                                  
din.gen_do_stall_reg  8 (7:FALSE)      --              FALSE  dut.h,l:46,c:30                                     
                                                                                                                  
din.gen_do_stall_reg  8 (7:FALSE)      --              FALSE  dut.h,l:46,c:30                                     
                                                                                                                  
din.gen_do_stall_reg  9 (9:FALSE)      --              FALSE  dut.h,l:46,c:30                                     
                                                                                                                  
din.gen_do_stall_reg  9 (9:FALSE)      --              FALSE  dut.h,l:46,c:30                                     
                                                                                                                  
din.gen_do_stall_reg  9 (9:FALSE)      --              FALSE  dut.h,l:46,c:30                                     
                                                                                                                  
din.gen_do_stall_reg  9 (9:FALSE)      --              FALSE  dut.h,l:46,c:30                                     
                                                                                                                  
din.gen_do_stall_reg  9 (9:FALSE)      --              FALSE  dut.h,l:46,c:30                                     
                                                                                                                  
din.gen_do_stall_reg  9 (9:FALSE)      --              FALSE  dut.h,l:46,c:30                                     
                                                                                                                  
din.gen_do_stall_reg  9 (9:FALSE)      --              FALSE  dut.h,l:46,c:30                                     
                                                                                                                  
din.gen_do_stall_reg  9 (9:FALSE)      --              FALSE  dut.h,l:46,c:30                                     
                                                                                                                  
din.gen_do_stall_reg  9 (9:FALSE)      --              FALSE  dut.h,l:46,c:30                                     
                                                                                                                  
din.gen_do_stall_reg  9 (9:FALSE)      --              FALSE  dut.h,l:46,c:30                                     
                                                                                                                  
din.gen_do_stall_reg  9 (9:FALSE)      --              FALSE  dut.h,l:46,c:30                                     
                                                                                                                  
din.gen_do_stall_reg  9 (9:FALSE)      --              FALSE  dut.h,l:46,c:30                                     
                                                                                                                  
din.gen_do_stall_reg  9 (9:FALSE)      --              FALSE  dut.h,l:46,c:30                                     
                                                                                                                  
din.gen_do_stall_reg  9 (9:FALSE)      --              FALSE  dut.h,l:46,c:30                                     
                                                                                                                  
din.gen_do_stall_reg  9 (9:FALSE)      --              FALSE  dut.h,l:46,c:30                                     
                                                                                                                  
din.gen_do_stall_reg  9 (9:FALSE)      --              FALSE  dut.h,l:46,c:30                                     
                                                                                                                  
din.gen_do_stall_reg  10 (8:FALSE)     --              FALSE  dut.h,l:46,c:30                                     
                                                                                                                  
din.gen_do_stall_reg  10 (8:FALSE)     --              FALSE  dut.h,l:46,c:30                                     
                                                                                                                  
din.gen_do_stall_reg  10 (8:FALSE)     --              FALSE  dut.h,l:46,c:30                                     
                                                                                                                  
din.gen_do_stall_reg  10 (8:FALSE)     --              FALSE  dut.h,l:46,c:30                                     
                                                                                                                  
din.gen_do_stall_reg  10 (8:FALSE)     --              FALSE  dut.h,l:46,c:30                                     
                                                                                                                  
din.gen_do_stall_reg  10 (8:FALSE)     --              FALSE  dut.h,l:46,c:30                                     
                                                                                                                  
din.gen_do_stall_reg  10 (8:FALSE)     --              FALSE  dut.h,l:46,c:30                                     
                                                                                                                  
din.gen_do_stall_reg  10 (8:FALSE)     --              FALSE  dut.h,l:46,c:30                                     
                                                                                                                  
din.gen_do_stall_reg  13 (11:FALSE)    --              FALSE  dut.h,l:46,c:30                                     
                                                                                                                  
din.gen_do_stall_reg  13 (11:FALSE)    --              FALSE  dut.h,l:46,c:30                                     
                                                                                                                  
din.gen_do_stall_reg  13 (11:FALSE)    --              FALSE  dut.h,l:46,c:30                                     
                                                                                                                  
din.gen_do_stall_reg  13 (11:FALSE)    --              FALSE  dut.h,l:46,c:30                                     
                                                                                                                  
din.gen_do_stall_reg  13 (11:FALSE)    --              FALSE  dut.h,l:46,c:30                                     
                                                                                                                  
din.gen_do_stall_reg  13 (11:FALSE)    --              FALSE  dut.h,l:46,c:30                                     
                                                                                                                  
din.gen_do_stall_reg  13 (11:FALSE)    --              FALSE  dut.h,l:46,c:30                                     
                                                                                                                  
din.gen_do_stall_reg  13 (11:FALSE)    --              FALSE  dut.h,l:46,c:30                                     
                                                                                                                  
                                                                                                                  
Scheduler report for : gen_do_stall_reg_full_0                                                                    
----------------------------------------------                                                                                            
                                                                                                                  
Op                    SID(BB;Clocked)  Pipeline Stage  IS     SRCLOC                                              
--                    ---------------  --------------  --     ------                                              
                                                                                                                  
din.gen_do_stall_reg  6 (5:FALSE)      --              FALSE  dut.h,l:46,c:30                                     
                                                                                                                  
din.gen_do_stall_reg  12 (11:FALSE)    --              FALSE  dut.h,l:46,c:30                                     
                                                                                                                  
din.gen_do_stall_reg  12 (11:FALSE)    --              FALSE  dut.h,l:46,c:30                                     
                                                                                                                  
din.gen_do_stall_reg  12 (11:FALSE)    --              FALSE  dut.h,l:46,c:30                                     
                                                                                                                  
din.gen_do_stall_reg  12 (11:FALSE)    --              FALSE  dut.h,l:46,c:30                                     
                                                                                                                  
                                                                                                                  
Scheduler report for : gen_do_reg_vld_0                                                                           
---------------------------------------                                                                                            
                                                                                                                  
Op                    SID(BB;Clocked)  Pipeline Stage  IS     SRCLOC                                              
--                    ---------------  --------------  --     ------                                              
                                                                                                                  
din.gen_do_reg_vld    8 (7:FALSE)      --              FALSE  dut.h,l:46,c:30                                     
                                                                                                                  
din                   10 (9:FALSE)     --              FALSE  dut.h,l:46,c:30                                     
                                                                                                                  
din.gen_do_reg_vld    11 (10:TRUE)     --              FALSE  dut.h,l:46,c:30                                     
                                                                                                                  
din.gen_do_reg_vld    14 (13:FALSE)    --              FALSE  dut.h,l:46,c:30                                     
                                                                                                                  
din.gen_do_reg_vld    14 (13:FALSE)    --              FALSE  dut.h,l:46,c:30                                     
                                                                                                                  
din.gen_do_reg_vld.o  14 (13:FALSE)    --              FALSE  dut.h,l:46,c:30                                     
                                                                                                                  
din.gen_do_reg_vld    14 (13:FALSE)    --              FALSE  dut.h,l:46,c:30                                     
                                                                                                                  
                                                                                                                  
Scheduler report for : gen_active_0                                                                               
-----------------------------------                                                                                            
                                                                                                                  
Op                    SID(BB;Clocked)  Pipeline Stage  IS     SRCLOC                                              
--                    ---------------  --------------  --     ------                                              
                                                                                                                  
dout.m_req.gen_activ  4 (3:FALSE)      --              FALSE  dut.h,l:47,c:31                                     
                                                                                                                  
dout.m_req.gen_activ  4 (3:FALSE)      --              FALSE  dut.h,l:47,c:31                                     
                                                                                                                  
dout.m_req.gen_activ  4 (3:FALSE)      --              FALSE  dut.h,l:47,c:31                                     
                                                                                                                  
dout.m_req.gen_activ  4 (3:FALSE)      --              FALSE  dut.h,l:47,c:31                                     
                                                                                                                  
                                                                                                                  
Scheduler report for : gen_vld_0                                                                                  
--------------------------------                                                                                            
                                                                                                                  
Op                    SID(BB;Clocked)  Pipeline Stage  IS     SRCLOC                                              
--                    ---------------  --------------  --     ------                                              
                                                                                                                  
dout.gen_vld          4 (3:FALSE)      --              FALSE  dut.h,l:47,c:31                                     
                                                                                                                  
dout.gen_vld          4 (3:FALSE)      --              FALSE  dut.h,l:47,c:31                                     
                                                                                                                  
dout.gen_vld          4 (3:FALSE)      --              FALSE  dut.h,l:47,c:31                                     
                                                                                                                  
dout.gen_vld          4 (3:FALSE)      --              FALSE  dut.h,l:47,c:31                                     
                                                                                                                  
                                                                                                                  
Scheduler report for : gen_stalling_0                                                                             
-------------------------------------                                                                                            
                                                                                                                  
Op                    SID(BB;Clocked)  Pipeline Stage  IS     SRCLOC                                              
--                    ---------------  --------------  --     ------                                              
                                                                                                                  
dout.gen_stalling     4 (3:FALSE)      --              FALSE  dut.h,l:47,c:31                                     
                                                                                                                  
dout.gen_stalling     5 (4:TRUE)       --              FALSE  dut.h,l:47,c:31                                     
                                                                                                                  
dout.gen_stalling     6 (5:FALSE)      --              FALSE  dut.h,l:47,c:31                                     
                                                                                                                  
dout.gen_stalling     6 (5:FALSE)      --              FALSE  dut.h,l:47,c:31                                     
                                                                                                                  
dout.gen_stalling     6 (5:FALSE)      --              FALSE  dut.h,l:47,c:31                                     
                                                                                                                  
                                                                                                                  
Scheduler report for : gen_unacked_req_0                                                                          
----------------------------------------                                                                                            
                                                                                                                  
Op                    SID(BB;Clocked)  Pipeline Stage  IS     SRCLOC                                              
--                    ---------------  --------------  --     ------                                              
                                                                                                                  
dout.gen_unacked_req  6 (5:FALSE)      --              FALSE  dut.h,l:47,c:31                                     
                                                                                                                  
dout.gen_unacked_req  12 (11:FALSE)    --              FALSE  dut.h,l:47,c:31                                     
                                                                                                                  
dout.gen_unacked_req  12 (11:FALSE)    --              FALSE  dut.h,l:47,c:31                                     
                                                                                                                  
                                                                                                                  
Scheduler report for : gen_next_trig_reg_0                                                                        
------------------------------------------                                                                                            
                                                                                                                  
Op                    SID(BB;Clocked)  Pipeline Stage  IS     SRCLOC                                              
--                    ---------------  --------------  --     ------                                              
                                                                                                                  
dout.m_req.gen_next_  3 (2:TRUE)       --              FALSE  dut.h,l:47,c:31                                     
                                                                                                                  
dout.m_req.gen_next_  3 (2:TRUE)       --              FALSE  dut.h,l:47,c:31                                     
                                                                                                                  
dout.m_req.gen_next_  3 (2:TRUE)       --              FALSE  dut.h,l:47,c:31                                     
                                                                                                                  
                                                                                                                  
Scheduler report for : thread1                                                                                    
------------------------------                                                                                            
                                                                                                                  
Op                    SID(BB;Clocked)  Pipeline Stage  IS     SRCLOC                                              
--                    ---------------  --------------  --     ------                                              
                                                                                                                  
din.m_busy_req_0.res  3 (2:FALSE)      --              FALSE  @(f:dut.h,l:46,c:30->f:/opt/cadence/STRATUS172/sha  
                                                                                                                  
din.m_stalling.reset  3 (2:FALSE)      --              FALSE  @(f:dut.h,l:46,c:30->f:/opt/cadence/STRATUS172/sha  
                                                                                                                  
dout.m_req.m_trig_re  3 (2:FALSE)      --              FALSE  @(f:dut.h,l:47,c:31->f:/opt/cadence/STRATUS172/sha  
                                                                                                                  
din.m_busy_req_0.get  7 (6:FALSE)      1               FALSE  @(f:dut.h,l:46,c:30->f:/opt/cadence/STRATUS172/sha  
                                                                                                                  
din.m_data_is_valid.  8 (7:TRUE)       1               FALSE  @(f:dut.h,l:46,c:30->f:/opt/cadence/STRATUS172/sha  
                                                                                                                  
din.m_busy_req_0.get  8 (7:TRUE)       1               FALSE  @(f:dut.h,l:46,c:30->f:/opt/cadence/STRATUS172/sha  
                                                                                                                  
f:dut.cc,l:66,c:17tr  8 (7:TRUE)       1               FALSE  to 1:0:                                             
                                                                                                                  
trimmed               8 (7:TRUE)       1               FALSE  to 1:0: f:dut.cc,l:66,c:17                          
                                                                                                                  
trimmed               8 (7:TRUE)       1               FALSE  to 1:0: f:dut.cc,l:66,c:17                          
                                                                                                                  
din.m_stall_reg_full  10 (9:FALSE)     1               FALSE  @(f:dut.h,l:46,c:30->f:/opt/cadence/STRATUS172/sha  
                                                                                                                  
din.data.a.get::nb_g  10 (9:FALSE)     1               FALSE  @(f:dut.h,l:46,c:30->f:/opt/cadence/STRATUS172/sha  
                                                                                                                  
din.data.b.get::nb_g  10 (9:FALSE)     1               FALSE  @(f:dut.h,l:46,c:30->f:/opt/cadence/STRATUS172/sha  
                                                                                                                  
din.data.d.get::nb_g  10 (9:FALSE)     1               FALSE  @(f:dut.h,l:46,c:30->f:/opt/cadence/STRATUS172/sha  
                                                                                                                  
din.data.e.get::nb_g  10 (9:FALSE)     1               FALSE  @(f:dut.h,l:46,c:30->f:/opt/cadence/STRATUS172/sha  
                                                                                                                  
din.m_stall_reg.a.ge  10 (9:FALSE)     1               FALSE  @(f:dut.h,l:46,c:30->f:/opt/cadence/STRATUS172/sha  
                                                                                                                  
din.m_stall_reg.b.ge  10 (9:FALSE)     1               FALSE  @(f:dut.h,l:46,c:30->f:/opt/cadence/STRATUS172/sha  
                                                                                                                  
din.m_stall_reg.d.ge  10 (9:FALSE)     1               FALSE  @(f:dut.h,l:46,c:30->f:/opt/cadence/STRATUS172/sha  
                                                                                                                  
din.m_stall_reg.e.ge  10 (9:FALSE)     1               FALSE  @(f:dut.h,l:46,c:30->f:/opt/cadence/STRATUS172/sha  
                                                                                                                  
din.data.c.get::nb_g  10 (9:FALSE)     1               FALSE  @(f:dut.h,l:46,c:30->f:/opt/cadence/STRATUS172/sha  
                                                                                                                  
din.data.f.get::nb_g  10 (9:FALSE)     1               FALSE  @(f:dut.h,l:46,c:30->f:/opt/cadence/STRATUS172/sha  
                                                                                                                  
din.m_stall_reg.c.ge  10 (9:FALSE)     1               FALSE  @(f:dut.h,l:46,c:30->f:/opt/cadence/STRATUS172/sha  
                                                                                                                  
din.m_stall_reg.f.ge  10 (9:FALSE)     1               FALSE  @(f:dut.h,l:46,c:30->f:/opt/cadence/STRATUS172/sha  
                                                                                                                  
din.data.g.get::nb_g  10 (9:FALSE)     1               FALSE  @(f:dut.h,l:46,c:30->f:/opt/cadence/STRATUS172/sha  
                                                                                                                  
din.data.h.get::nb_g  10 (9:FALSE)     1               FALSE  @(f:dut.h,l:46,c:30->f:/opt/cadence/STRATUS172/sha  
                                                                                                                  
din.m_stall_reg.g.ge  10 (9:FALSE)     1               FALSE  @(f:dut.h,l:46,c:30->f:/opt/cadence/STRATUS172/sha  
                                                                                                                  
din.m_stall_reg.h.ge  10 (9:FALSE)     1               FALSE  @(f:dut.h,l:46,c:30->f:/opt/cadence/STRATUS172/sha  
                                                                                                                  
get::nb_get::operato  10 (9:FALSE)     1               FALSE  dut.cc,l:53,c:29                                    
                                                                                                                  
get::nb_get::operato  10 (9:FALSE)     1               FALSE  dut.cc,l:53,c:29                                    
                                                                                                                  
get::nb_get::operato  10 (9:FALSE)     1               FALSE  dut.cc,l:53,c:29                                    
                                                                                                                  
get::nb_get::operato  10 (9:FALSE)     1               FALSE  dut.cc,l:53,c:29                                    
                                                                                                                  
get::nb_get::operato  10 (9:FALSE)     1               FALSE  dut.cc,l:53,c:29                                    
                                                                                                                  
get::nb_get::operato  10 (9:FALSE)     1               FALSE  dut.cc,l:53,c:29                                    
                                                                                                                  
                      10 (9:FALSE)     1               FALSE  f:dut.cc,l:57,c:16                                  
                                                                                                                  
                      10 (9:FALSE)     1               FALSE  f:dut.cc,l:56,c:20                                  
                                                                                                                  
get::nb_get::operato  10 (9:FALSE)     1               FALSE  dut.cc,l:53,c:29                                    
                                                                                                                  
get::nb_get::operato  10 (9:FALSE)     1               FALSE  dut.cc,l:53,c:29                                    
                                                                                                                  
                      10 (9:FALSE)     1               FALSE  f:dut.cc,l:57,c:26                                  
                                                                                                                  
                      10 (9:FALSE)     1               FALSE  f:dut.cc,l:56,c:30                                  
                                                                                                                  
                      10 (9:FALSE)     1               FALSE  f:dut.cc,l:58,c:16                                  
                                                                                                                  
                      10 (9:FALSE)     1               FALSE  f:dut.cc,l:57,c:4                                   
                                                                                                                  
trimmed               10 (9:FALSE)     1               FALSE  to 28:0: f:dut.cc,l:58,c:4                          
                                                                                                                  
                      10 (9:FALSE)     1               FALSE  f:dut.cc,l:60,c:44                                  
                                                                                                                  
                      10 (9:FALSE)     1               FALSE  f:dut.cc,l:60,c:20                                  
                                                                                                                  
                      10 (9:FALSE)     1               FALSE  f:dut.cc,l:60,c:32                                  
                                                                                                                  
                      11 (10:TRUE)     2               FALSE  f:dut.cc,l:60,c:68                                  
                                                                                                                  
                      11 (10:TRUE)     2               FALSE  f:dut.cc,l:60,c:56                                  
                                                                                                                  
                      11 (10:TRUE)     2               FALSE  f:dut.cc,l:62,c:51                                  
                                                                                                                  
                      11 (10:TRUE)     2               FALSE  f:dut.cc,l:62,c:20                                  
                                                                                                                  
                      11 (10:TRUE)     2               FALSE  f:dut.cc,l:62,c:63                                  
                                                                                                                  
                      11 (10:TRUE)     2               FALSE  f:dut.cc,l:62,c:32                                  
                                                                                                                  
                      11 (10:TRUE)     2               FALSE  f:dut.cc,l:64,c:36                                  
                                                                                                                  
                      11 (10:TRUE)     2               FALSE  f:dut.cc,l:62,c:39                                  
                                                                                                                  
                      11 (10:TRUE)     2               FALSE  f:dut.cc,l:64,c:26                                  
                                                                                                                  
                      11 (10:TRUE)     2               FALSE  f:dut.cc,l:64,c:17                                  
                                                                                                                  
                      15 (11:FALSE)    3               FALSE  f:dut.cc,l:64,c:48                                  
                                                                                                                  
dout.data.put::nb_pu  15 (11:FALSE)    3               FALSE  @(f:dut.h,l:47,c:31->f:/opt/cadence/STRATUS172/sha  
                                                                                                                  
dout                  15 (11:FALSE)    3               FALSE  dut.h,l:47,c:31                                     
                                                                                                                  
dout.m_req.m_trig_re  15 (11:FALSE)    3               FALSE  @(f:dut.h,l:47,c:31->f:/opt/cadence/STRATUS172/sha  
                                                                                                                  
dout                  17 (13:TRUE)     4               FALSE  dut.h,l:47,c:31                                     
                                                                                                                  
thread1.put           17 (13:TRUE)     4               FALSE  dut.cc,l:28,c:11 mapped                             
                                                                                                                  
                                                                                                                  
