=========================================================
Scheduler report file
Generated by stratus_hls 17.20-p100  (88533.190925)
On:          Tue Nov 17 14:07:19 2020
Project Dir: /work/shared/users/phd/jl3952/tutorials/systemc/stratus_examples/lab_array
Module:      dut
HLS Config:  FLAT
=========================================================
Scheduler report for : gen_unvalidated_req_0                                                                      
--------------------------------------------                                                                                            
                                                                                                                  
Op                    SID(BB;Clocked)  Pipeline Stage  IS     SRCLOC                                              
--                    ---------------  --------------  --     ------                                              
                                                                                                                  
din.gen_unvalidated_  8 (7:FALSE)      --              FALSE  dut.h,l:40,c:27                                     
                                                                                                                  
din                   10 (9:FALSE)     --              FALSE  dut.h,l:40,c:27                                     
                                                                                                                  
din.gen_unvalidated_  11 (10:TRUE)     --              FALSE  dut.h,l:40,c:27                                     
                                                                                                                  
din.gen_unvalidated_  14 (13:FALSE)    --              FALSE  dut.h,l:40,c:27                                     
                                                                                                                  
din.gen_unvalidated_  14 (13:FALSE)    --              FALSE  dut.h,l:40,c:27                                     
                                                                                                                  
din.gen_unvalidated_  14 (13:FALSE)    --              FALSE  dut.h,l:40,c:27                                     
                                                                                                                  
din.gen_unvalidated_  14 (13:FALSE)    --              FALSE  dut.h,l:40,c:27                                     
                                                                                                                  
                                                                                                                  
Scheduler report for : gen_prev_trig_reg_0                                                                        
------------------------------------------                                                                                            
                                                                                                                  
Op                    SID(BB;Clocked)  Pipeline Stage  IS     SRCLOC                                              
--                    ---------------  --------------  --     ------                                              
                                                                                                                  
dout.m_req.gen_prev_  6 (5:FALSE)      --              FALSE  dut.h,l:41,c:29                                     
                                                                                                                  
dout.m_req.gen_prev_  12 (11:FALSE)    --              FALSE  dut.h,l:41,c:29                                     
                                                                                                                  
dout.m_req.gen_prev_  12 (11:FALSE)    --              FALSE  dut.h,l:41,c:29                                     
                                                                                                                  
                                                                                                                  
Scheduler report for : gen_busy_0                                                                                 
---------------------------------                                                                                            
                                                                                                                  
Op                    SID(BB;Clocked)  Pipeline Stage  IS     SRCLOC                                              
--                    ---------------  --------------  --     ------                                              
                                                                                                                  
din.gen_busy.use_vld  6 (5:FALSE)      --              FALSE  dut.h,l:40,c:27                                     
                                                                                                                  
din.gen_busy          6 (5:FALSE)      --              FALSE  dut.h,l:40,c:27                                     
                                                                                                                  
din.gen_busy          6 (5:FALSE)      --              FALSE  dut.h,l:40,c:27                                     
                                                                                                                  
din.gen_busy          6 (5:FALSE)      --              FALSE  dut.h,l:40,c:27                                     
                                                                                                                  
din.gen_busy          6 (5:FALSE)      --              FALSE  dut.h,l:40,c:27                                     
                                                                                                                  
din.gen_busy          6 (5:FALSE)      --              FALSE  dut.h,l:40,c:27                                     
                                                                                                                  
din.gen_busy          6 (5:FALSE)      --              FALSE  dut.h,l:40,c:27                                     
                                                                                                                  
din.gen_busy          6 (5:FALSE)      --              FALSE  dut.h,l:40,c:27                                     
                                                                                                                  
din.gen_busy          6 (5:FALSE)      --              FALSE  dut.h,l:40,c:27                                     
                                                                                                                  
din.gen_busy          6 (5:FALSE)      --              FALSE  dut.h,l:40,c:27                                     
                                                                                                                  
din.gen_busy          6 (5:FALSE)      --              FALSE  dut.h,l:40,c:27                                     
                                                                                                                  
din.gen_busy          6 (5:FALSE)      --              FALSE  dut.h,l:40,c:27                                     
                                                                                                                  
                                                                                                                  
Scheduler report for : gen_do_stall_reg_full_0                                                                    
----------------------------------------------                                                                                            
                                                                                                                  
Op                    SID(BB;Clocked)  Pipeline Stage  IS     SRCLOC                                              
--                    ---------------  --------------  --     ------                                              
                                                                                                                  
din.gen_do_stall_reg  6 (5:FALSE)      --              FALSE  dut.h,l:40,c:27                                     
                                                                                                                  
din.gen_do_stall_reg  12 (11:FALSE)    --              FALSE  dut.h,l:40,c:27                                     
                                                                                                                  
din.gen_do_stall_reg  12 (11:FALSE)    --              FALSE  dut.h,l:40,c:27                                     
                                                                                                                  
din.gen_do_stall_reg  12 (11:FALSE)    --              FALSE  dut.h,l:40,c:27                                     
                                                                                                                  
din.gen_do_stall_reg  12 (11:FALSE)    --              FALSE  dut.h,l:40,c:27                                     
                                                                                                                  
                                                                                                                  
Scheduler report for : gen_do_reg_vld_0                                                                           
---------------------------------------                                                                                            
                                                                                                                  
Op                    SID(BB;Clocked)  Pipeline Stage  IS     SRCLOC                                              
--                    ---------------  --------------  --     ------                                              
                                                                                                                  
din.gen_do_reg_vld    8 (7:FALSE)      --              FALSE  dut.h,l:40,c:27                                     
                                                                                                                  
din                   10 (9:FALSE)     --              FALSE  dut.h,l:40,c:27                                     
                                                                                                                  
din.gen_do_reg_vld    11 (10:TRUE)     --              FALSE  dut.h,l:40,c:27                                     
                                                                                                                  
din.gen_do_reg_vld    14 (13:FALSE)    --              FALSE  dut.h,l:40,c:27                                     
                                                                                                                  
din.gen_do_reg_vld    14 (13:FALSE)    --              FALSE  dut.h,l:40,c:27                                     
                                                                                                                  
din.gen_do_reg_vld.o  14 (13:FALSE)    --              FALSE  dut.h,l:40,c:27                                     
                                                                                                                  
din.gen_do_reg_vld    14 (13:FALSE)    --              FALSE  dut.h,l:40,c:27                                     
                                                                                                                  
                                                                                                                  
Scheduler report for : gen_active_0                                                                               
-----------------------------------                                                                                            
                                                                                                                  
Op                    SID(BB;Clocked)  Pipeline Stage  IS     SRCLOC                                              
--                    ---------------  --------------  --     ------                                              
                                                                                                                  
dout.m_req.gen_activ  4 (3:FALSE)      --              FALSE  dut.h,l:41,c:29                                     
                                                                                                                  
dout.m_req.gen_activ  4 (3:FALSE)      --              FALSE  dut.h,l:41,c:29                                     
                                                                                                                  
dout.m_req.gen_activ  4 (3:FALSE)      --              FALSE  dut.h,l:41,c:29                                     
                                                                                                                  
dout.m_req.gen_activ  4 (3:FALSE)      --              FALSE  dut.h,l:41,c:29                                     
                                                                                                                  
                                                                                                                  
Scheduler report for : gen_vld_0                                                                                  
--------------------------------                                                                                            
                                                                                                                  
Op                    SID(BB;Clocked)  Pipeline Stage  IS     SRCLOC                                              
--                    ---------------  --------------  --     ------                                              
                                                                                                                  
dout.gen_vld          4 (3:FALSE)      --              FALSE  dut.h,l:41,c:29                                     
                                                                                                                  
dout.gen_vld          4 (3:FALSE)      --              FALSE  dut.h,l:41,c:29                                     
                                                                                                                  
dout.gen_vld          4 (3:FALSE)      --              FALSE  dut.h,l:41,c:29                                     
                                                                                                                  
dout.gen_vld          4 (3:FALSE)      --              FALSE  dut.h,l:41,c:29                                     
                                                                                                                  
                                                                                                                  
Scheduler report for : gen_stalling_0                                                                             
-------------------------------------                                                                                            
                                                                                                                  
Op                    SID(BB;Clocked)  Pipeline Stage  IS     SRCLOC                                              
--                    ---------------  --------------  --     ------                                              
                                                                                                                  
dout.gen_stalling     4 (3:FALSE)      --              FALSE  dut.h,l:41,c:29                                     
                                                                                                                  
dout.gen_stalling     5 (4:TRUE)       --              FALSE  dut.h,l:41,c:29                                     
                                                                                                                  
dout.gen_stalling     6 (5:FALSE)      --              FALSE  dut.h,l:41,c:29                                     
                                                                                                                  
dout.gen_stalling     6 (5:FALSE)      --              FALSE  dut.h,l:41,c:29                                     
                                                                                                                  
dout.gen_stalling     6 (5:FALSE)      --              FALSE  dut.h,l:41,c:29                                     
                                                                                                                  
                                                                                                                  
Scheduler report for : gen_unacked_req_0                                                                          
----------------------------------------                                                                                            
                                                                                                                  
Op                    SID(BB;Clocked)  Pipeline Stage  IS     SRCLOC                                              
--                    ---------------  --------------  --     ------                                              
                                                                                                                  
dout.gen_unacked_req  6 (5:FALSE)      --              FALSE  dut.h,l:41,c:29                                     
                                                                                                                  
dout.gen_unacked_req  12 (11:FALSE)    --              FALSE  dut.h,l:41,c:29                                     
                                                                                                                  
dout.gen_unacked_req  12 (11:FALSE)    --              FALSE  dut.h,l:41,c:29                                     
                                                                                                                  
                                                                                                                  
Scheduler report for : gen_next_trig_reg_0                                                                        
------------------------------------------                                                                                            
                                                                                                                  
Op                    SID(BB;Clocked)  Pipeline Stage  IS     SRCLOC                                              
--                    ---------------  --------------  --     ------                                              
                                                                                                                  
dout.m_req.gen_next_  3 (2:TRUE)       --              FALSE  dut.h,l:41,c:29                                     
                                                                                                                  
dout.m_req.gen_next_  3 (2:TRUE)       --              FALSE  dut.h,l:41,c:29                                     
                                                                                                                  
dout.m_req.gen_next_  3 (2:TRUE)       --              FALSE  dut.h,l:41,c:29                                     
                                                                                                                  
                                                                                                                  
Scheduler report for : thread1                                                                                    
------------------------------                                                                                            
                                                                                                                  
Op                    SID(BB;Clocked)  Pipeline Stage  IS     SRCLOC                                              
--                    ---------------  --------------  --     ------                                              
                                                                                                                  
mem[63]               1 (0:FALSE)      --              FALSE  @trimmed to 0:0: (f:dut.h,l:67,c:13->i:63)          
                                                                                                                  
mem[62]               1 (0:FALSE)      --              FALSE  @trimmed to 0:0: (f:dut.h,l:67,c:13->i:62)          
                                                                                                                  
mem[61]               1 (0:FALSE)      --              FALSE  @trimmed to 0:0: (f:dut.h,l:67,c:13->i:61)          
                                                                                                                  
mem[60]               1 (0:FALSE)      --              FALSE  @trimmed to 0:0: (f:dut.h,l:67,c:13->i:60)          
                                                                                                                  
mem[59]               1 (0:FALSE)      --              FALSE  @trimmed to 0:0: (f:dut.h,l:67,c:13->i:59)          
                                                                                                                  
mem[58]               1 (0:FALSE)      --              FALSE  @trimmed to 0:0: (f:dut.h,l:67,c:13->i:58)          
                                                                                                                  
mem[57]               1 (0:FALSE)      --              FALSE  @trimmed to 0:0: (f:dut.h,l:67,c:13->i:57)          
                                                                                                                  
mem[56]               1 (0:FALSE)      --              FALSE  @trimmed to 0:0: (f:dut.h,l:67,c:13->i:56)          
                                                                                                                  
mem[55]               1 (0:FALSE)      --              FALSE  @trimmed to 0:0: (f:dut.h,l:67,c:13->i:55)          
                                                                                                                  
mem[54]               1 (0:FALSE)      --              FALSE  @trimmed to 0:0: (f:dut.h,l:67,c:13->i:54)          
                                                                                                                  
mem[53]               1 (0:FALSE)      --              FALSE  @trimmed to 0:0: (f:dut.h,l:67,c:13->i:53)          
                                                                                                                  
mem[52]               1 (0:FALSE)      --              FALSE  @trimmed to 0:0: (f:dut.h,l:67,c:13->i:52)          
                                                                                                                  
mem[51]               1 (0:FALSE)      --              FALSE  @trimmed to 0:0: (f:dut.h,l:67,c:13->i:51)          
                                                                                                                  
mem[50]               1 (0:FALSE)      --              FALSE  @trimmed to 0:0: (f:dut.h,l:67,c:13->i:50)          
                                                                                                                  
mem[49]               1 (0:FALSE)      --              FALSE  @trimmed to 0:0: (f:dut.h,l:67,c:13->i:49)          
                                                                                                                  
mem[48]               1 (0:FALSE)      --              FALSE  @trimmed to 0:0: (f:dut.h,l:67,c:13->i:48)          
                                                                                                                  
mem[47]               1 (0:FALSE)      --              FALSE  @trimmed to 0:0: (f:dut.h,l:67,c:13->i:47)          
                                                                                                                  
mem[46]               1 (0:FALSE)      --              FALSE  @trimmed to 0:0: (f:dut.h,l:67,c:13->i:46)          
                                                                                                                  
mem[45]               1 (0:FALSE)      --              FALSE  @trimmed to 0:0: (f:dut.h,l:67,c:13->i:45)          
                                                                                                                  
mem[44]               1 (0:FALSE)      --              FALSE  @trimmed to 0:0: (f:dut.h,l:67,c:13->i:44)          
                                                                                                                  
mem[43]               1 (0:FALSE)      --              FALSE  @trimmed to 0:0: (f:dut.h,l:67,c:13->i:43)          
                                                                                                                  
mem[42]               1 (0:FALSE)      --              FALSE  @trimmed to 0:0: (f:dut.h,l:67,c:13->i:42)          
                                                                                                                  
mem[41]               1 (0:FALSE)      --              FALSE  @trimmed to 0:0: (f:dut.h,l:67,c:13->i:41)          
                                                                                                                  
mem[40]               1 (0:FALSE)      --              FALSE  @trimmed to 0:0: (f:dut.h,l:67,c:13->i:40)          
                                                                                                                  
mem[39]               1 (0:FALSE)      --              FALSE  @trimmed to 0:0: (f:dut.h,l:67,c:13->i:39)          
                                                                                                                  
mem[38]               1 (0:FALSE)      --              FALSE  @trimmed to 0:0: (f:dut.h,l:67,c:13->i:38)          
                                                                                                                  
mem[37]               1 (0:FALSE)      --              FALSE  @trimmed to 0:0: (f:dut.h,l:67,c:13->i:37)          
                                                                                                                  
mem[36]               1 (0:FALSE)      --              FALSE  @trimmed to 0:0: (f:dut.h,l:67,c:13->i:36)          
                                                                                                                  
mem[35]               1 (0:FALSE)      --              FALSE  @trimmed to 0:0: (f:dut.h,l:67,c:13->i:35)          
                                                                                                                  
mem[34]               1 (0:FALSE)      --              FALSE  @trimmed to 0:0: (f:dut.h,l:67,c:13->i:34)          
                                                                                                                  
mem[33]               1 (0:FALSE)      --              FALSE  @trimmed to 0:0: (f:dut.h,l:67,c:13->i:33)          
                                                                                                                  
mem[32]               1 (0:FALSE)      --              FALSE  @trimmed to 0:0: (f:dut.h,l:67,c:13->i:32)          
                                                                                                                  
mem[31]               1 (0:FALSE)      --              FALSE  @trimmed to 0:0: (f:dut.h,l:67,c:13->i:31)          
                                                                                                                  
mem[30]               1 (0:FALSE)      --              FALSE  @trimmed to 0:0: (f:dut.h,l:67,c:13->i:30)          
                                                                                                                  
mem[29]               1 (0:FALSE)      --              FALSE  @trimmed to 0:0: (f:dut.h,l:67,c:13->i:29)          
                                                                                                                  
mem[28]               1 (0:FALSE)      --              FALSE  @trimmed to 0:0: (f:dut.h,l:67,c:13->i:28)          
                                                                                                                  
mem[27]               1 (0:FALSE)      --              FALSE  @trimmed to 0:0: (f:dut.h,l:67,c:13->i:27)          
                                                                                                                  
mem[26]               1 (0:FALSE)      --              FALSE  @trimmed to 0:0: (f:dut.h,l:67,c:13->i:26)          
                                                                                                                  
mem[25]               1 (0:FALSE)      --              FALSE  @trimmed to 0:0: (f:dut.h,l:67,c:13->i:25)          
                                                                                                                  
mem[24]               1 (0:FALSE)      --              FALSE  @trimmed to 0:0: (f:dut.h,l:67,c:13->i:24)          
                                                                                                                  
mem[23]               1 (0:FALSE)      --              FALSE  @trimmed to 0:0: (f:dut.h,l:67,c:13->i:23)          
                                                                                                                  
mem[22]               1 (0:FALSE)      --              FALSE  @trimmed to 0:0: (f:dut.h,l:67,c:13->i:22)          
                                                                                                                  
mem[21]               1 (0:FALSE)      --              FALSE  @trimmed to 0:0: (f:dut.h,l:67,c:13->i:21)          
                                                                                                                  
mem[20]               1 (0:FALSE)      --              FALSE  @trimmed to 0:0: (f:dut.h,l:67,c:13->i:20)          
                                                                                                                  
mem[19]               1 (0:FALSE)      --              FALSE  @trimmed to 0:0: (f:dut.h,l:67,c:13->i:19)          
                                                                                                                  
mem[18]               1 (0:FALSE)      --              FALSE  @trimmed to 0:0: (f:dut.h,l:67,c:13->i:18)          
                                                                                                                  
mem[17]               1 (0:FALSE)      --              FALSE  @trimmed to 0:0: (f:dut.h,l:67,c:13->i:17)          
                                                                                                                  
mem[16]               1 (0:FALSE)      --              FALSE  @trimmed to 0:0: (f:dut.h,l:67,c:13->i:16)          
                                                                                                                  
mem[15]               1 (0:FALSE)      --              FALSE  @trimmed to 0:0: (f:dut.h,l:67,c:13->i:15)          
                                                                                                                  
mem[14]               1 (0:FALSE)      --              FALSE  @trimmed to 0:0: (f:dut.h,l:67,c:13->i:14)          
                                                                                                                  
mem[13]               1 (0:FALSE)      --              FALSE  @trimmed to 0:0: (f:dut.h,l:67,c:13->i:13)          
                                                                                                                  
mem[12]               1 (0:FALSE)      --              FALSE  @trimmed to 0:0: (f:dut.h,l:67,c:13->i:12)          
                                                                                                                  
mem[11]               1 (0:FALSE)      --              FALSE  @trimmed to 0:0: (f:dut.h,l:67,c:13->i:11)          
                                                                                                                  
mem[10]               1 (0:FALSE)      --              FALSE  @trimmed to 0:0: (f:dut.h,l:67,c:13->i:10)          
                                                                                                                  
mem[9]                1 (0:FALSE)      --              FALSE  @trimmed to 0:0: (f:dut.h,l:67,c:13->i:9)           
                                                                                                                  
mem[8]                1 (0:FALSE)      --              FALSE  @trimmed to 0:0: (f:dut.h,l:67,c:13->i:8)           
                                                                                                                  
mem[7]                1 (0:FALSE)      --              FALSE  @trimmed to 0:0: (f:dut.h,l:67,c:13->i:7)           
                                                                                                                  
mem[6]                1 (0:FALSE)      --              FALSE  @trimmed to 0:0: (f:dut.h,l:67,c:13->i:6)           
                                                                                                                  
mem[5]                1 (0:FALSE)      --              FALSE  @trimmed to 0:0: (f:dut.h,l:67,c:13->i:5)           
                                                                                                                  
mem[4]                1 (0:FALSE)      --              FALSE  @trimmed to 0:0: (f:dut.h,l:67,c:13->i:4)           
                                                                                                                  
mem[3]                1 (0:FALSE)      --              FALSE  @trimmed to 0:0: (f:dut.h,l:67,c:13->i:3)           
                                                                                                                  
mem[2]                1 (0:FALSE)      --              FALSE  @trimmed to 0:0: (f:dut.h,l:67,c:13->i:2)           
                                                                                                                  
mem[1]                1 (0:FALSE)      --              FALSE  @trimmed to 0:0: (f:dut.h,l:67,c:13->i:1)           
                                                                                                                  
mem[0]                1 (0:FALSE)      --              FALSE  @trimmed to 0:0: (f:dut.h,l:67,c:13->i:0)           
                                                                                                                  
din.m_busy_req_0.res  3 (2:FALSE)      --              FALSE  @(f:dut.h,l:40,c:27->f:/opt/cadence/STRATUS172/sha  
                                                                                                                  
din.m_stalling.reset  3 (2:FALSE)      --              FALSE  @(f:dut.h,l:40,c:27->f:/opt/cadence/STRATUS172/sha  
                                                                                                                  
dout.m_req.m_trig_re  3 (2:FALSE)      --              FALSE  @(f:dut.h,l:41,c:29->f:/opt/cadence/STRATUS172/sha  
                                                                                                                  
i                     4 (3:TRUE)       --              FALSE  @trimmed to 0:0: (f:dut.cc,l:38,c:11)               
                                                                                                                  
mem[63]               6 (5:FALSE)      --              FALSE  @(f:dut.h,l:67,c:13->i:63) -> f:dut.cc,l:40,c:6     
                                                                                                                  
mem[62]               6 (5:FALSE)      --              FALSE  @(f:dut.h,l:67,c:13->i:62) -> f:dut.cc,l:40,c:6     
                                                                                                                  
mem[61]               6 (5:FALSE)      --              FALSE  @(f:dut.h,l:67,c:13->i:61) -> f:dut.cc,l:40,c:6     
                                                                                                                  
mem[60]               6 (5:FALSE)      --              FALSE  @(f:dut.h,l:67,c:13->i:60) -> f:dut.cc,l:40,c:6     
                                                                                                                  
mem[59]               6 (5:FALSE)      --              FALSE  @(f:dut.h,l:67,c:13->i:59) -> f:dut.cc,l:40,c:6     
                                                                                                                  
mem[58]               6 (5:FALSE)      --              FALSE  @(f:dut.h,l:67,c:13->i:58) -> f:dut.cc,l:40,c:6     
                                                                                                                  
mem[57]               6 (5:FALSE)      --              FALSE  @(f:dut.h,l:67,c:13->i:57) -> f:dut.cc,l:40,c:6     
                                                                                                                  
mem[56]               6 (5:FALSE)      --              FALSE  @(f:dut.h,l:67,c:13->i:56) -> f:dut.cc,l:40,c:6     
                                                                                                                  
mem[55]               6 (5:FALSE)      --              FALSE  @(f:dut.h,l:67,c:13->i:55) -> f:dut.cc,l:40,c:6     
                                                                                                                  
mem[54]               6 (5:FALSE)      --              FALSE  @(f:dut.h,l:67,c:13->i:54) -> f:dut.cc,l:40,c:6     
                                                                                                                  
mem[53]               6 (5:FALSE)      --              FALSE  @(f:dut.h,l:67,c:13->i:53) -> f:dut.cc,l:40,c:6     
                                                                                                                  
mem[52]               6 (5:FALSE)      --              FALSE  @(f:dut.h,l:67,c:13->i:52) -> f:dut.cc,l:40,c:6     
                                                                                                                  
mem[51]               6 (5:FALSE)      --              FALSE  @(f:dut.h,l:67,c:13->i:51) -> f:dut.cc,l:40,c:6     
                                                                                                                  
mem[50]               6 (5:FALSE)      --              FALSE  @(f:dut.h,l:67,c:13->i:50) -> f:dut.cc,l:40,c:6     
                                                                                                                  
mem[49]               6 (5:FALSE)      --              FALSE  @(f:dut.h,l:67,c:13->i:49) -> f:dut.cc,l:40,c:6     
                                                                                                                  
mem[48]               6 (5:FALSE)      --              FALSE  @(f:dut.h,l:67,c:13->i:48) -> f:dut.cc,l:40,c:6     
                                                                                                                  
mem[47]               6 (5:FALSE)      --              FALSE  @(f:dut.h,l:67,c:13->i:47) -> f:dut.cc,l:40,c:6     
                                                                                                                  
mem[46]               6 (5:FALSE)      --              FALSE  @(f:dut.h,l:67,c:13->i:46) -> f:dut.cc,l:40,c:6     
                                                                                                                  
mem[45]               6 (5:FALSE)      --              FALSE  @(f:dut.h,l:67,c:13->i:45) -> f:dut.cc,l:40,c:6     
                                                                                                                  
mem[44]               6 (5:FALSE)      --              FALSE  @(f:dut.h,l:67,c:13->i:44) -> f:dut.cc,l:40,c:6     
                                                                                                                  
mem[43]               6 (5:FALSE)      --              FALSE  @(f:dut.h,l:67,c:13->i:43) -> f:dut.cc,l:40,c:6     
                                                                                                                  
mem[42]               6 (5:FALSE)      --              FALSE  @(f:dut.h,l:67,c:13->i:42) -> f:dut.cc,l:40,c:6     
                                                                                                                  
mem[41]               6 (5:FALSE)      --              FALSE  @(f:dut.h,l:67,c:13->i:41) -> f:dut.cc,l:40,c:6     
                                                                                                                  
mem[40]               6 (5:FALSE)      --              FALSE  @(f:dut.h,l:67,c:13->i:40) -> f:dut.cc,l:40,c:6     
                                                                                                                  
mem[39]               6 (5:FALSE)      --              FALSE  @(f:dut.h,l:67,c:13->i:39) -> f:dut.cc,l:40,c:6     
                                                                                                                  
mem[38]               6 (5:FALSE)      --              FALSE  @(f:dut.h,l:67,c:13->i:38) -> f:dut.cc,l:40,c:6     
                                                                                                                  
mem[37]               6 (5:FALSE)      --              FALSE  @(f:dut.h,l:67,c:13->i:37) -> f:dut.cc,l:40,c:6     
                                                                                                                  
mem[36]               6 (5:FALSE)      --              FALSE  @(f:dut.h,l:67,c:13->i:36) -> f:dut.cc,l:40,c:6     
                                                                                                                  
mem[35]               6 (5:FALSE)      --              FALSE  @(f:dut.h,l:67,c:13->i:35) -> f:dut.cc,l:40,c:6     
                                                                                                                  
mem[34]               6 (5:FALSE)      --              FALSE  @(f:dut.h,l:67,c:13->i:34) -> f:dut.cc,l:40,c:6     
                                                                                                                  
mem[33]               6 (5:FALSE)      --              FALSE  @(f:dut.h,l:67,c:13->i:33) -> f:dut.cc,l:40,c:6     
                                                                                                                  
mem[32]               6 (5:FALSE)      --              FALSE  @(f:dut.h,l:67,c:13->i:32) -> f:dut.cc,l:40,c:6     
                                                                                                                  
mem[31]               6 (5:FALSE)      --              FALSE  @(f:dut.h,l:67,c:13->i:31) -> f:dut.cc,l:40,c:6     
                                                                                                                  
mem[30]               6 (5:FALSE)      --              FALSE  @(f:dut.h,l:67,c:13->i:30) -> f:dut.cc,l:40,c:6     
                                                                                                                  
mem[29]               6 (5:FALSE)      --              FALSE  @(f:dut.h,l:67,c:13->i:29) -> f:dut.cc,l:40,c:6     
                                                                                                                  
mem[28]               6 (5:FALSE)      --              FALSE  @(f:dut.h,l:67,c:13->i:28) -> f:dut.cc,l:40,c:6     
                                                                                                                  
mem[27]               6 (5:FALSE)      --              FALSE  @(f:dut.h,l:67,c:13->i:27) -> f:dut.cc,l:40,c:6     
                                                                                                                  
mem[26]               6 (5:FALSE)      --              FALSE  @(f:dut.h,l:67,c:13->i:26) -> f:dut.cc,l:40,c:6     
                                                                                                                  
mem[25]               6 (5:FALSE)      --              FALSE  @(f:dut.h,l:67,c:13->i:25) -> f:dut.cc,l:40,c:6     
                                                                                                                  
mem[24]               6 (5:FALSE)      --              FALSE  @(f:dut.h,l:67,c:13->i:24) -> f:dut.cc,l:40,c:6     
                                                                                                                  
mem[23]               6 (5:FALSE)      --              FALSE  @(f:dut.h,l:67,c:13->i:23) -> f:dut.cc,l:40,c:6     
                                                                                                                  
mem[22]               6 (5:FALSE)      --              FALSE  @(f:dut.h,l:67,c:13->i:22) -> f:dut.cc,l:40,c:6     
                                                                                                                  
mem[21]               6 (5:FALSE)      --              FALSE  @(f:dut.h,l:67,c:13->i:21) -> f:dut.cc,l:40,c:6     
                                                                                                                  
mem[20]               6 (5:FALSE)      --              FALSE  @(f:dut.h,l:67,c:13->i:20) -> f:dut.cc,l:40,c:6     
                                                                                                                  
mem[19]               6 (5:FALSE)      --              FALSE  @(f:dut.h,l:67,c:13->i:19) -> f:dut.cc,l:40,c:6     
                                                                                                                  
mem[18]               6 (5:FALSE)      --              FALSE  @(f:dut.h,l:67,c:13->i:18) -> f:dut.cc,l:40,c:6     
                                                                                                                  
mem[17]               6 (5:FALSE)      --              FALSE  @(f:dut.h,l:67,c:13->i:17) -> f:dut.cc,l:40,c:6     
                                                                                                                  
mem[16]               6 (5:FALSE)      --              FALSE  @(f:dut.h,l:67,c:13->i:16) -> f:dut.cc,l:40,c:6     
                                                                                                                  
mem[15]               6 (5:FALSE)      --              FALSE  @(f:dut.h,l:67,c:13->i:15) -> f:dut.cc,l:40,c:6     
                                                                                                                  
mem[14]               6 (5:FALSE)      --              FALSE  @(f:dut.h,l:67,c:13->i:14) -> f:dut.cc,l:40,c:6     
                                                                                                                  
mem[13]               6 (5:FALSE)      --              FALSE  @(f:dut.h,l:67,c:13->i:13) -> f:dut.cc,l:40,c:6     
                                                                                                                  
mem[12]               6 (5:FALSE)      --              FALSE  @(f:dut.h,l:67,c:13->i:12) -> f:dut.cc,l:40,c:6     
                                                                                                                  
mem[11]               6 (5:FALSE)      --              FALSE  @(f:dut.h,l:67,c:13->i:11) -> f:dut.cc,l:40,c:6     
                                                                                                                  
mem[10]               6 (5:FALSE)      --              FALSE  @(f:dut.h,l:67,c:13->i:10) -> f:dut.cc,l:40,c:6     
                                                                                                                  
mem[9]                6 (5:FALSE)      --              FALSE  @(f:dut.h,l:67,c:13->i:9) -> f:dut.cc,l:40,c:6      
                                                                                                                  
mem[8]                6 (5:FALSE)      --              FALSE  @(f:dut.h,l:67,c:13->i:8) -> f:dut.cc,l:40,c:6      
                                                                                                                  
mem[7]                6 (5:FALSE)      --              FALSE  @(f:dut.h,l:67,c:13->i:7) -> f:dut.cc,l:40,c:6      
                                                                                                                  
mem[6]                6 (5:FALSE)      --              FALSE  @(f:dut.h,l:67,c:13->i:6) -> f:dut.cc,l:40,c:6      
                                                                                                                  
mem[5]                6 (5:FALSE)      --              FALSE  @(f:dut.h,l:67,c:13->i:5) -> f:dut.cc,l:40,c:6      
                                                                                                                  
mem[4]                6 (5:FALSE)      --              FALSE  @(f:dut.h,l:67,c:13->i:4) -> f:dut.cc,l:40,c:6      
                                                                                                                  
mem[3]                6 (5:FALSE)      --              FALSE  @(f:dut.h,l:67,c:13->i:3) -> f:dut.cc,l:40,c:6      
                                                                                                                  
mem[2]                6 (5:FALSE)      --              FALSE  @(f:dut.h,l:67,c:13->i:2) -> f:dut.cc,l:40,c:6      
                                                                                                                  
mem[1]                6 (5:FALSE)      --              FALSE  @(f:dut.h,l:67,c:13->i:1) -> f:dut.cc,l:40,c:6      
                                                                                                                  
mem[0]                6 (5:FALSE)      --              FALSE  @(f:dut.h,l:67,c:13->i:0) -> f:dut.cc,l:40,c:6      
                                                                                                                  
i                     6 (5:FALSE)      --              FALSE  dut.cc,l:38,c:11 -> c:26                            
                                                                                                                  
                      6 (5:FALSE)      --              FALSE  f:dut.cc,l:40,c:6                                   
                                                                                                                  
                      6 (5:FALSE)      --              FALSE  f:dut.cc,l:40,c:6                                   
                                                                                                                  
                      6 (5:FALSE)      --              FALSE  f:dut.cc,l:40,c:6                                   
                                                                                                                  
                      6 (5:FALSE)      --              FALSE  f:dut.cc,l:38,c:27                                  
                                                                                                                  
i                     6 (5:FALSE)      --              FALSE  dut.cc,l:38,c:11 -> l:40,c:6                        
                                                                                                                  
                      6 (5:FALSE)      --              FALSE  f:dut.cc,l:40,c:6                                   
                                                                                                                  
                      6 (5:FALSE)      --              FALSE  f:dut.cc,l:40,c:6                                   
                                                                                                                  
                      7 (5:TRUE)       --              FALSE  f:dut.cc,l:40,c:6                                   
                                                                                                                  
                      7 (5:TRUE)       --              FALSE  f:dut.cc,l:40,c:6                                   
                                                                                                                  
                      8 (5:TRUE)       --              FALSE  f:dut.cc,l:40,c:6                                   
                                                                                                                  
                      8 (5:TRUE)       --              FALSE  f:dut.cc,l:40,c:6                                   
                                                                                                                  
                      9 (5:TRUE)       --              FALSE  f:dut.cc,l:40,c:6                                   
                                                                                                                  
                      9 (5:TRUE)       --              FALSE  f:dut.cc,l:40,c:6                                   
                                                                                                                  
                      10 (5:TRUE)      --              FALSE  f:dut.cc,l:40,c:6                                   
                                                                                                                  
                      10 (5:TRUE)      --              FALSE  f:dut.cc,l:40,c:6                                   
                                                                                                                  
                      11 (5:TRUE)      --              FALSE  f:dut.cc,l:40,c:6                                   
                                                                                                                  
                      11 (5:TRUE)      --              FALSE  f:dut.cc,l:40,c:6                                   
                                                                                                                  
                      12 (5:TRUE)      --              FALSE  f:dut.cc,l:40,c:6                                   
                                                                                                                  
                      12 (5:TRUE)      --              FALSE  f:dut.cc,l:40,c:6                                   
                                                                                                                  
                      13 (5:TRUE)      --              FALSE  f:dut.cc,l:40,c:6                                   
                                                                                                                  
                      13 (5:TRUE)      --              FALSE  f:dut.cc,l:40,c:6                                   
                                                                                                                  
                      14 (5:TRUE)      --              FALSE  f:dut.cc,l:40,c:6                                   
                                                                                                                  
                      14 (5:TRUE)      --              FALSE  f:dut.cc,l:40,c:6                                   
                                                                                                                  
                      15 (5:TRUE)      --              FALSE  f:dut.cc,l:40,c:6                                   
                                                                                                                  
                      15 (5:TRUE)      --              FALSE  f:dut.cc,l:40,c:6                                   
                                                                                                                  
                      16 (5:TRUE)      --              FALSE  f:dut.cc,l:40,c:6                                   
                                                                                                                  
                      16 (5:TRUE)      --              FALSE  f:dut.cc,l:40,c:6                                   
                                                                                                                  
                      17 (5:TRUE)      --              FALSE  f:dut.cc,l:40,c:6                                   
                                                                                                                  
                      17 (5:TRUE)      --              FALSE  f:dut.cc,l:40,c:6                                   
                                                                                                                  
                      18 (5:TRUE)      --              FALSE  f:dut.cc,l:40,c:6                                   
                                                                                                                  
                      18 (5:TRUE)      --              FALSE  f:dut.cc,l:40,c:6                                   
                                                                                                                  
                      19 (5:TRUE)      --              FALSE  f:dut.cc,l:40,c:6                                   
                                                                                                                  
                      19 (5:TRUE)      --              FALSE  f:dut.cc,l:40,c:6                                   
                                                                                                                  
                      20 (5:TRUE)      --              FALSE  f:dut.cc,l:40,c:6                                   
                                                                                                                  
                      20 (5:TRUE)      --              FALSE  f:dut.cc,l:40,c:6                                   
                                                                                                                  
                      21 (5:TRUE)      --              FALSE  f:dut.cc,l:40,c:6                                   
                                                                                                                  
                      21 (5:TRUE)      --              FALSE  f:dut.cc,l:40,c:6                                   
                                                                                                                  
                      22 (5:TRUE)      --              FALSE  f:dut.cc,l:40,c:6                                   
                                                                                                                  
                      22 (5:TRUE)      --              FALSE  f:dut.cc,l:40,c:6                                   
                                                                                                                  
                      23 (5:TRUE)      --              FALSE  f:dut.cc,l:40,c:6                                   
                                                                                                                  
                      23 (5:TRUE)      --              FALSE  f:dut.cc,l:40,c:6                                   
                                                                                                                  
                      24 (5:TRUE)      --              FALSE  f:dut.cc,l:40,c:6                                   
                                                                                                                  
                      24 (5:TRUE)      --              FALSE  f:dut.cc,l:40,c:6                                   
                                                                                                                  
                      25 (5:TRUE)      --              FALSE  f:dut.cc,l:40,c:6                                   
                                                                                                                  
                      25 (5:TRUE)      --              FALSE  f:dut.cc,l:40,c:6                                   
                                                                                                                  
                      26 (5:TRUE)      --              FALSE  f:dut.cc,l:40,c:6                                   
                                                                                                                  
                      26 (5:TRUE)      --              FALSE  f:dut.cc,l:40,c:6                                   
                                                                                                                  
                      27 (5:TRUE)      --              FALSE  f:dut.cc,l:40,c:6                                   
                                                                                                                  
                      27 (5:TRUE)      --              FALSE  f:dut.cc,l:40,c:6                                   
                                                                                                                  
                      28 (5:TRUE)      --              FALSE  f:dut.cc,l:40,c:6                                   
                                                                                                                  
                      28 (5:TRUE)      --              FALSE  f:dut.cc,l:40,c:6                                   
                                                                                                                  
                      29 (5:TRUE)      --              FALSE  f:dut.cc,l:40,c:6                                   
                                                                                                                  
                      29 (5:TRUE)      --              FALSE  f:dut.cc,l:40,c:6                                   
                                                                                                                  
                      30 (5:TRUE)      --              FALSE  f:dut.cc,l:40,c:6                                   
                                                                                                                  
                      30 (5:TRUE)      --              FALSE  f:dut.cc,l:40,c:6                                   
                                                                                                                  
                      31 (5:TRUE)      --              FALSE  f:dut.cc,l:40,c:6                                   
                                                                                                                  
                      31 (5:TRUE)      --              FALSE  f:dut.cc,l:40,c:6                                   
                                                                                                                  
                      32 (5:TRUE)      --              FALSE  f:dut.cc,l:40,c:6                                   
                                                                                                                  
                      32 (5:TRUE)      --              FALSE  f:dut.cc,l:40,c:6                                   
                                                                                                                  
                      33 (5:TRUE)      --              FALSE  f:dut.cc,l:40,c:6                                   
                                                                                                                  
                      33 (5:TRUE)      --              FALSE  f:dut.cc,l:40,c:6                                   
                                                                                                                  
                      34 (5:TRUE)      --              FALSE  f:dut.cc,l:40,c:6                                   
                                                                                                                  
                      34 (5:TRUE)      --              FALSE  f:dut.cc,l:40,c:6                                   
                                                                                                                  
                      35 (5:TRUE)      --              FALSE  f:dut.cc,l:40,c:6                                   
                                                                                                                  
                      35 (5:TRUE)      --              FALSE  f:dut.cc,l:40,c:6                                   
                                                                                                                  
                      36 (5:TRUE)      --              FALSE  f:dut.cc,l:40,c:6                                   
                                                                                                                  
                      36 (5:TRUE)      --              FALSE  f:dut.cc,l:40,c:6                                   
                                                                                                                  
                      37 (5:TRUE)      --              FALSE  f:dut.cc,l:40,c:6                                   
                                                                                                                  
                      37 (5:TRUE)      --              FALSE  f:dut.cc,l:40,c:6                                   
                                                                                                                  
                      38 (5:TRUE)      --              FALSE  f:dut.cc,l:40,c:6                                   
                                                                                                                  
                      38 (5:TRUE)      --              FALSE  f:dut.cc,l:40,c:6                                   
                                                                                                                  
                      39 (5:TRUE)      --              FALSE  f:dut.cc,l:40,c:6                                   
                                                                                                                  
                      39 (5:TRUE)      --              FALSE  f:dut.cc,l:40,c:6                                   
                                                                                                                  
                      40 (5:TRUE)      --              FALSE  f:dut.cc,l:40,c:6                                   
                                                                                                                  
                      40 (5:TRUE)      --              FALSE  f:dut.cc,l:40,c:6                                   
                                                                                                                  
                      41 (5:TRUE)      --              FALSE  f:dut.cc,l:40,c:6                                   
                                                                                                                  
                      41 (5:TRUE)      --              FALSE  f:dut.cc,l:40,c:6                                   
                                                                                                                  
                      42 (5:TRUE)      --              FALSE  f:dut.cc,l:40,c:6                                   
                                                                                                                  
                      42 (5:TRUE)      --              FALSE  f:dut.cc,l:40,c:6                                   
                                                                                                                  
                      43 (5:TRUE)      --              FALSE  f:dut.cc,l:40,c:6                                   
                                                                                                                  
                      43 (5:TRUE)      --              FALSE  f:dut.cc,l:40,c:6                                   
                                                                                                                  
                      44 (5:TRUE)      --              FALSE  f:dut.cc,l:40,c:6                                   
                                                                                                                  
                      44 (5:TRUE)      --              FALSE  f:dut.cc,l:40,c:6                                   
                                                                                                                  
                      45 (5:TRUE)      --              FALSE  f:dut.cc,l:40,c:6                                   
                                                                                                                  
                      45 (5:TRUE)      --              FALSE  f:dut.cc,l:40,c:6                                   
                                                                                                                  
                      46 (5:TRUE)      --              FALSE  f:dut.cc,l:40,c:6                                   
                                                                                                                  
                      46 (5:TRUE)      --              FALSE  f:dut.cc,l:40,c:6                                   
                                                                                                                  
                      47 (5:TRUE)      --              FALSE  f:dut.cc,l:40,c:6                                   
                                                                                                                  
                      47 (5:TRUE)      --              FALSE  f:dut.cc,l:40,c:6                                   
                                                                                                                  
                      48 (5:TRUE)      --              FALSE  f:dut.cc,l:40,c:6                                   
                                                                                                                  
                      48 (5:TRUE)      --              FALSE  f:dut.cc,l:40,c:6                                   
                                                                                                                  
                      49 (5:TRUE)      --              FALSE  f:dut.cc,l:40,c:6                                   
                                                                                                                  
                      49 (5:TRUE)      --              FALSE  f:dut.cc,l:40,c:6                                   
                                                                                                                  
                      50 (5:TRUE)      --              FALSE  f:dut.cc,l:40,c:6                                   
                                                                                                                  
                      50 (5:TRUE)      --              FALSE  f:dut.cc,l:40,c:6                                   
                                                                                                                  
                      51 (5:TRUE)      --              FALSE  f:dut.cc,l:40,c:6                                   
                                                                                                                  
                      51 (5:TRUE)      --              FALSE  f:dut.cc,l:40,c:6                                   
                                                                                                                  
                      52 (5:TRUE)      --              FALSE  f:dut.cc,l:40,c:6                                   
                                                                                                                  
                      52 (5:TRUE)      --              FALSE  f:dut.cc,l:40,c:6                                   
                                                                                                                  
                      53 (5:TRUE)      --              FALSE  f:dut.cc,l:40,c:6                                   
                                                                                                                  
                      53 (5:TRUE)      --              FALSE  f:dut.cc,l:40,c:6                                   
                                                                                                                  
                      54 (5:TRUE)      --              FALSE  f:dut.cc,l:40,c:6                                   
                                                                                                                  
                      54 (5:TRUE)      --              FALSE  f:dut.cc,l:40,c:6                                   
                                                                                                                  
                      55 (5:TRUE)      --              FALSE  f:dut.cc,l:40,c:6                                   
                                                                                                                  
                      55 (5:TRUE)      --              FALSE  f:dut.cc,l:40,c:6                                   
                                                                                                                  
                      56 (5:TRUE)      --              FALSE  f:dut.cc,l:40,c:6                                   
                                                                                                                  
                      56 (5:TRUE)      --              FALSE  f:dut.cc,l:40,c:6                                   
                                                                                                                  
                      57 (5:TRUE)      --              FALSE  f:dut.cc,l:40,c:6                                   
                                                                                                                  
                      57 (5:TRUE)      --              FALSE  f:dut.cc,l:40,c:6                                   
                                                                                                                  
                      58 (5:TRUE)      --              FALSE  f:dut.cc,l:40,c:6                                   
                                                                                                                  
                      58 (5:TRUE)      --              FALSE  f:dut.cc,l:40,c:6                                   
                                                                                                                  
                      59 (5:TRUE)      --              FALSE  f:dut.cc,l:40,c:6                                   
                                                                                                                  
                      59 (5:TRUE)      --              FALSE  f:dut.cc,l:40,c:6                                   
                                                                                                                  
                      60 (5:TRUE)      --              FALSE  f:dut.cc,l:40,c:6                                   
                                                                                                                  
                      60 (5:TRUE)      --              FALSE  f:dut.cc,l:40,c:6                                   
                                                                                                                  
                      61 (5:TRUE)      --              FALSE  f:dut.cc,l:40,c:6                                   
                                                                                                                  
                      61 (5:TRUE)      --              FALSE  f:dut.cc,l:40,c:6                                   
                                                                                                                  
                      62 (5:TRUE)      --              FALSE  f:dut.cc,l:40,c:6                                   
                                                                                                                  
                      62 (5:TRUE)      --              FALSE  f:dut.cc,l:40,c:6                                   
                                                                                                                  
                      63 (5:TRUE)      --              FALSE  f:dut.cc,l:40,c:6                                   
                                                                                                                  
                      63 (5:TRUE)      --              FALSE  f:dut.cc,l:40,c:6                                   
                                                                                                                  
                      64 (5:TRUE)      --              FALSE  f:dut.cc,l:40,c:6                                   
                                                                                                                  
                      64 (5:TRUE)      --              FALSE  f:dut.cc,l:40,c:6                                   
                                                                                                                  
                      65 (5:TRUE)      --              FALSE  f:dut.cc,l:40,c:6                                   
                                                                                                                  
                      65 (5:TRUE)      --              FALSE  f:dut.cc,l:40,c:6                                   
                                                                                                                  
                      66 (5:TRUE)      --              FALSE  f:dut.cc,l:40,c:6                                   
                                                                                                                  
                      66 (5:TRUE)      --              FALSE  f:dut.cc,l:40,c:6                                   
                                                                                                                  
                      67 (5:TRUE)      --              FALSE  f:dut.cc,l:40,c:6                                   
                                                                                                                  
                      67 (5:TRUE)      --              FALSE  f:dut.cc,l:40,c:6                                   
                                                                                                                  
                      68 (5:TRUE)      --              FALSE  f:dut.cc,l:38,c:20                                  
                                                                                                                  
                      68 (5:TRUE)      --              FALSE  f:dut.cc,l:40,c:6                                   
                                                                                                                  
                      68 (5:TRUE)      --              FALSE  f:dut.cc,l:40,c:6                                   
                                                                                                                  
din.m_busy_req_0.get  73 (9:FALSE)     --              FALSE  @(f:dut.h,l:40,c:27->f:/opt/cadence/STRATUS172/sha  
                                                                                                                  
din                   75 (11:TRUE)     --              FALSE  dut.h,l:40,c:27                                     
                                                                                                                  
thread1.get           75 (11:TRUE)     --              FALSE  dut.cc,l:29,c:11 mapped                             
                                                                                                                  
din.m_busy_req_0.get  76 (12:FALSE)    --              FALSE  @(f:dut.h,l:40,c:27->f:/opt/cadence/STRATUS172/sha  
                                                                                                                  
din.data.get::nb_get  78 (14:FALSE)    --              FALSE  @(f:dut.h,l:40,c:27->f:/opt/cadence/STRATUS172/sha  
                                                                                                                  
get::nb_get.get::nb_  78 (14:FALSE)    --              FALSE                                                      
                                                                                                                  
get::nb_get.get::nb_  78 (14:FALSE)    --              FALSE                                                      
                                                                                                                  
                      78 (14:FALSE)    --              FALSE  f:dut.cc,l:46,c:24                                  
                                                                                                                  
                      78 (14:FALSE)    --              FALSE  f:dut.cc,l:46,c:30                                  
                                                                                                                  
dout.data.put::nb_pu  80 (16:FALSE)    --              FALSE  @(f:dut.h,l:41,c:29->f:/opt/cadence/STRATUS172/sha  
                                                                                                                  
dout                  80 (16:FALSE)    --              FALSE  dut.h,l:41,c:29                                     
                                                                                                                  
dout.m_req.m_trig_re  80 (16:FALSE)    --              FALSE  @(f:dut.h,l:41,c:29->f:/opt/cadence/STRATUS172/sha  
                                                                                                                  
dout                  82 (18:TRUE)     --              FALSE  dut.h,l:41,c:29                                     
                                                                                                                  
thread1.put           82 (18:TRUE)     --              FALSE  dut.cc,l:29,c:11 mapped                             
                                                                                                                  
                                                                                                                  
