Generating dependencies for tb.cc
Generating dependencies for system.cc
Generating dependencies for main.cc
Generating dependencies for dut.cc 
bdw_wrapgen -project project.tcl -module dut "-Ibdw_work/wrappers   -g -DCLOCK_PERIOD=5.0 -D_GLIBCXX_USE_CXX11_ABI=0  "
              #################################################################
              #                                                               #
  ERROR 02512:# Error importing SystemC modules from file 'dut.cc':           #
              #                                                               #
              #################################################################

bdw_extract 20.21-s100  (94349.142211)
Copyright (c) 2020 Cadence Design Systems, Inc. All rights reserved worldwide.

              #################################################################
              #                                                               #
  ERROR 90020:# at dut.h line 14 col 3                                        #
  ERROR 90020.#   identifier "find_max" is undefined                          #
  ERROR 90020.#       find_max  find_max_inst;                                #
  ERROR 90020.#       ^                                                       #
              #                                                               #
              #################################################################

              #################################################################
              #                                                               #
  ERROR 90349:# at dut.cc line 17 col 63                                      #
  ERROR 90349.#   no operator "[]" matches these operands                     #
  ERROR 90349.#   operand types are: cynw::cynw_p2p_in<sc_dt::sc_int<32>, CYN::PIN> [ sc_dt::sc_int<32> ] #
  ERROR 90349.#           C[x] = ((sc_int<32>)(((sc_int<64>)A[x]) * ((sc_int<64>)B[x]))); #
  ERROR 90349.#                                                                   ^ #
              #                                                               #
              #################################################################

              #################################################################
              #                                                               #
  ERROR 90020:# at dut.cc line 20 col 22                                      #
  ERROR 90020.#   identifier "find_max" is undefined                          #
  ERROR 90020.#           compute0[x1] = find_max(A, B, x1);                  #
  ERROR 90020.#                          ^                                    #
              #                                                               #
              #################################################################

              #################################################################
              #                                                               #
  ERROR 90349:# at dut.cc line 23 col 8                                       #
  ERROR 90349.#   no operator "[]" matches these operands                     #
  ERROR 90349.#   operand types are: cynw::cynw_p2p_out<sc_dt::sc_int<32>, CYN::PIN> [ sc_dt::sc_int<32> ] #
  ERROR 90349.#           D[x2] = ((sc_int<32>)(((sc_int<34>)(((sc_int<33>)C[x2]) + ((sc_int<33>)compute0[x2]))) + ((sc_int<34>)B[x2]))); #
  ERROR 90349.#            ^                                                  #
              #                                                               #
              #################################################################

              #################################################################
              #                                                               #
  ERROR 90349:# at dut.cc line 23 col 110                                     #
  ERROR 90349.#   no operator "[]" matches these operands                     #
  ERROR 90349.#   operand types are: cynw::cynw_p2p_in<sc_dt::sc_int<32>, CYN::PIN> [ sc_dt::sc_int<32> ] #
  ERROR 90349.#           D[x2] = ((sc_int<32>)(((sc_int<34>)(((sc_int<33>)C[x2]) + ((sc_int<33>)compute0[x2]))) + ((sc_int<34>)B[x2]))); #
  ERROR 90349.#                                                                                                                  ^ #
              #                                                               #
              #################################################################


bdw_extract failed with 5 errors and 0 warnings.

bdw_wrapgen -project project.tcl -module dut "-Ibdw_work/wrappers   -g -DCLOCK_PERIOD=5.0 -D_GLIBCXX_USE_CXX11_ABI=0  "
              #################################################################
              #                                                               #
  ERROR 02512:# Error importing SystemC modules from file 'dut.cc':           #
              #                                                               #
              #################################################################

bdw_extract 20.21-s100  (94349.142211)
Copyright (c) 2020 Cadence Design Systems, Inc. All rights reserved worldwide.

              #################################################################
              #                                                               #
  ERROR 90020:# at dut.h line 14 col 3                                        #
  ERROR 90020.#   identifier "find_max" is undefined                          #
  ERROR 90020.#       find_max  find_max_inst;                                #
  ERROR 90020.#       ^                                                       #
              #                                                               #
              #################################################################

              #################################################################
              #                                                               #
  ERROR 90349:# at dut.cc line 17 col 63                                      #
  ERROR 90349.#   no operator "[]" matches these operands                     #
  ERROR 90349.#   operand types are: cynw::cynw_p2p_in<sc_dt::sc_int<32>, CYN::PIN> [ sc_dt::sc_int<32> ] #
  ERROR 90349.#           C[x] = ((sc_int<32>)(((sc_int<64>)A[x]) * ((sc_int<64>)B[x]))); #
  ERROR 90349.#                                                                   ^ #
              #                                                               #
              #################################################################

              #################################################################
              #                                                               #
  ERROR 90020:# at dut.cc line 20 col 22                                      #
  ERROR 90020.#   identifier "find_max" is undefined                          #
  ERROR 90020.#           compute0[x1] = find_max(A, B, x1);                  #
  ERROR 90020.#                          ^                                    #
              #                                                               #
              #################################################################

              #################################################################
              #                                                               #
  ERROR 90349:# at dut.cc line 23 col 8                                       #
  ERROR 90349.#   no operator "[]" matches these operands                     #
  ERROR 90349.#   operand types are: cynw::cynw_p2p_out<sc_dt::sc_int<32>, CYN::PIN> [ sc_dt::sc_int<32> ] #
  ERROR 90349.#           D[x2] = ((sc_int<32>)(((sc_int<34>)(((sc_int<33>)C[x2]) + ((sc_int<33>)compute0[x2]))) + ((sc_int<34>)B[x2]))); #
  ERROR 90349.#            ^                                                  #
              #                                                               #
              #################################################################

              #################################################################
              #                                                               #
  ERROR 90349:# at dut.cc line 23 col 110                                     #
  ERROR 90349.#   no operator "[]" matches these operands                     #
  ERROR 90349.#   operand types are: cynw::cynw_p2p_in<sc_dt::sc_int<32>, CYN::PIN> [ sc_dt::sc_int<32> ] #
  ERROR 90349.#           D[x2] = ((sc_int<32>)(((sc_int<34>)(((sc_int<33>)C[x2]) + ((sc_int<33>)compute0[x2]))) + ((sc_int<34>)B[x2]))); #
  ERROR 90349.#                                                                                                                  ^ #
              #                                                               #
              #################################################################


bdw_extract failed with 5 errors and 0 warnings.

bdw_wrapgen -project project.tcl -module dut "-Ibdw_work/wrappers   -g -DCLOCK_PERIOD=5.0 -D_GLIBCXX_USE_CXX11_ABI=0  "
              #################################################################
              #                                                               #
  ERROR 02512:# Error importing SystemC modules from file 'dut.cc':           #
              #                                                               #
              #################################################################

bdw_extract 20.21-s100  (94349.142211)
Copyright (c) 2020 Cadence Design Systems, Inc. All rights reserved worldwide.

              #################################################################
              #                                                               #
  ERROR 90020:# at dut.h line 14 col 3                                        #
  ERROR 90020.#   identifier "find_max" is undefined                          #
  ERROR 90020.#       find_max  find_max_inst;                                #
  ERROR 90020.#       ^                                                       #
              #                                                               #
              #################################################################

              #################################################################
              #                                                               #
  ERROR 90349:# at dut.cc line 17 col 63                                      #
  ERROR 90349.#   no operator "[]" matches these operands                     #
  ERROR 90349.#   operand types are: cynw::cynw_p2p_in<sc_dt::sc_int<32>, CYN::PIN> [ sc_dt::sc_int<32> ] #
  ERROR 90349.#           C[x] = ((sc_int<32>)(((sc_int<64>)A[x]) * ((sc_int<64>)B[x]))); #
  ERROR 90349.#                                                                   ^ #
              #                                                               #
              #################################################################

              #################################################################
              #                                                               #
  ERROR 90020:# at dut.cc line 20 col 22                                      #
  ERROR 90020.#   identifier "find_max" is undefined                          #
  ERROR 90020.#           compute0[x1] = find_max(A, B, x1);                  #
  ERROR 90020.#                          ^                                    #
              #                                                               #
              #################################################################

              #################################################################
              #                                                               #
  ERROR 90349:# at dut.cc line 23 col 8                                       #
  ERROR 90349.#   no operator "[]" matches these operands                     #
  ERROR 90349.#   operand types are: cynw::cynw_p2p_out<sc_dt::sc_int<32>, CYN::PIN> [ sc_dt::sc_int<32> ] #
  ERROR 90349.#           D[x2] = ((sc_int<32>)(((sc_int<34>)(((sc_int<33>)C[x2]) + ((sc_int<33>)compute0[x2]))) + ((sc_int<34>)B[x2]))); #
  ERROR 90349.#            ^                                                  #
              #                                                               #
              #################################################################

              #################################################################
              #                                                               #
  ERROR 90349:# at dut.cc line 23 col 110                                     #
  ERROR 90349.#   no operator "[]" matches these operands                     #
  ERROR 90349.#   operand types are: cynw::cynw_p2p_in<sc_dt::sc_int<32>, CYN::PIN> [ sc_dt::sc_int<32> ] #
  ERROR 90349.#           D[x2] = ((sc_int<32>)(((sc_int<34>)(((sc_int<33>)C[x2]) + ((sc_int<33>)compute0[x2]))) + ((sc_int<34>)B[x2]))); #
  ERROR 90349.#                                                                                                                  ^ #
              #                                                               #
              #################################################################


bdw_extract failed with 5 errors and 0 warnings.

make[4]: *** No rule to make target 'bdw_work/wrappers/dut.updated', needed by 'bdw_work/wrappers/dut_wrap.h'.  Stop.
make[3]: *** [Makefile.prj:508: bdw_prebuild_wrappers] Error 2
make[2]: *** [Makefile.prj:730: build_B_sub] Error 2
