make[3]: Nothing to be done for 'bdw_work/wrappers/dut_wrap.h'.
make[3]: Nothing to be done for 'bdw_work/wrappers/find_max_wrap.h'.
make[3]: Nothing to be done for 'bdw_work/wrappers/add_one_wrap.h'.
Generating dependencies for dut.cc 
bdw_wrapgen -project project.tcl -module dut "-Ibdw_work/wrappers   -g -DCLOCK_PERIOD=5.0 -D_GLIBCXX_USE_CXX11_ABI=0  "
/opt/cadence/STRATUS202/bin/bdw_tracegen -module dut -vcd 
/opt/cadence/STRATUS202/bin/bdw_shell /opt/cadence/STRATUS202/share/stratus/tcl/bdw_siminfo.tcl project.tcl B
make[4]: Nothing to be done for 'bdw_work/wrappers/dut_wrap.h'.
make[4]: Nothing to be done for 'bdw_work/wrappers/find_max_wrap.h'.
make[4]: Nothing to be done for 'bdw_work/wrappers/add_one_wrap.h'.
WARNING 02557: Module 'find_max' with representation 'RTL_V' cannot contain
WARNING 02557.   module 'add_one' with representation 'BEH' in simConfig
WARNING 02557.   'BASIC_V'
/opt/cadence/STRATUS202/tools.lnx86/stratus/gcc/6.3/bin/g++  -I./ -Ibdw_work/wrappers     -c -g -DCLOCK_PERIOD=5.0 -D_GLIBCXX_USE_CXX11_ABI=0    -fPIC  -I/opt/cadence/STRATUS202/share/stratus/include -I/opt/cadence/STRATUS202/tools.lnx86/stratus/systemc/2.3.3/include  -DBDW_HUB=1    -DBDW_USE_SCV=0   -o bdw_work/sims/B/dut.o  bdw_work/wrappers/dut_wrap.cc
/opt/cadence/STRATUS202/tools.lnx86/stratus/gcc/6.3/bin/g++ -Wl,--export-dynamic   \
        -Wl,-rpath,/opt/cadence/STRATUS202/tools.lnx86/stratus/lib/64bit \
        -Wl,-rpath,/opt/cadence/STRATUS202/tools.lnx86/lib/64bit \
        -Wl,-rpath,/opt/cadence/STRATUS202/tools.lnx86/stratus/systemc/2.3.3/lib-linux64 \
	-o bdw_work/sims/B/sim_B \
	bdw_work/sims/B/dut.o bdw_work/sims/B/find_max.o bdw_work/sims/B/add_one.o bdw_work/sims/B/main.o bdw_work/sims/B/system.o bdw_work/sims/B/tb.o  \
	 \
	 \
        bdw_work/libesc/libesc.a \
	 \
	-L /opt/cadence/STRATUS202/tools.lnx86/lib/64bit -L /opt/cadence/STRATUS202/tools.lnx86/stratus/lib/64bit  -L /opt/cadence/STRATUS202/tools.lnx86/stratus/systemc/2.3.3/lib-linux64 -lscv -lsystemc  -lhubexec -lhub  -lbdw_st  
make --no-print-directory -f Makefile scsim_B
WARNING 02557: Module 'find_max' with representation 'RTL_V' cannot contain
WARNING 02557.   module 'add_one' with representation 'BEH' in simConfig
WARNING 02557.   'BASIC_V'
Executing simulation: bdw_work/sims/B/sim_B  


        SystemC 2.3.3-Accellera --- Apr 15 2020 17:11:39
        Copyright (c) 1996-2018 by all Contributors,
        ALL RIGHTS RESERVED
NOTE: Cadence Design Systems Hub Simulation Platform : version 20.21-s100

Info: (I703) tracing timescale unit set: 1 ps (bdw_work/sims/B/systemc.vcd)

Error: (E109) complete binding failed: port not bound: port 'system.dut_wrapper.find_max_return_in_data' (sc_in)
In file: ../../../src/sysc/communication/sc_port.cpp:235
WARNING: exit status = 1
BDW_SIM_CONFIG_DIR=bdw_work/sims/B make cmp_result 2>&1 | tee -a bdw_work/sims/B/bdw_sim.log
****************************************
Sat Feb 12 12:04:17 EST 2022
ERROR: Simulation output doesn't exist
for B Simulation...
  B: SIMULATION FAILED
****************************************
